<!DOCTYPE html>

<html>
  <head>
  <meta charset='utf-8'>
  <title>TestNG reports</title>

    <link type="text/css" href="testng-reports.css" rel="stylesheet" />
    <script type="text/javascript" src="jquery-3.4.1.min.js"></script>
    <script type="text/javascript" src="testng-reports.js"></script>
    <script type="text/javascript" src="https://www.google.com/jsapi"></script>
    <script type='text/javascript'>
      google.load('visualization', '1', {packages:['table']});
      google.setOnLoadCallback(drawTable);
      var suiteTableInitFunctions = new Array();
      var suiteTableData = new Array();
    </script>
    <!--
      <script type="text/javascript" src="jquery-ui/js/jquery-ui-1.8.16.custom.min.js"></script>
     -->
  </head>

  <body>
    <div class="top-banner-root">
      <span class="top-banner-title-font">Test results</span>
      <br/>
      <span class="top-banner-font-1">1 suite, 26 failed tests</span>
    </div> <!-- top-banner-root -->
    <div class="navigator-root">
      <div class="navigator-suite-header">
        <span>All suites</span>
        <a href="#" class="collapse-all-link" title="Collapse/expand all the suites">
          <img class="collapse-all-icon" src="collapseall.gif">
          </img> <!-- collapse-all-icon -->
        </a> <!-- collapse-all-link -->
      </div> <!-- navigator-suite-header -->
      <div class="suite">
        <div class="rounded-window">
          <div class="suite-header light-rounded-window-top">
            <a href="#" class="navigator-link" panel-name="suite-Suite1">
              <span class="suite-name border-failed">Suite1</span>
            </a> <!-- navigator-link -->
          </div> <!-- suite-header light-rounded-window-top -->
          <div class="navigator-suite-content">
            <div class="suite-section-title">
              <span>Info</span>
            </div> <!-- suite-section-title -->
            <div class="suite-section-content">
              <ul>
                <li>
                  <a href="#" class="navigator-link " panel-name="test-xml-Suite1">
                    <span>E:\note\exercise\Android\ReoprtNG\testng.xml</span>
                  </a> <!-- navigator-link  -->
                </li>
                <li>
                  <a href="#" class="navigator-link " panel-name="testlist-Suite1">
                    <span class="test-stats">1 test</span>
                  </a> <!-- navigator-link  -->
                </li>
                <li>
                  <a href="#" class="navigator-link " panel-name="group-Suite1">
                    <span>0 groups</span>
                  </a> <!-- navigator-link  -->
                </li>
                <li>
                  <a href="#" class="navigator-link " panel-name="times-Suite1">
                    <span>Times</span>
                  </a> <!-- navigator-link  -->
                </li>
                <li>
                  <a href="#" class="navigator-link " panel-name="reporter-Suite1">
                    <span>Reporter output</span>
                  </a> <!-- navigator-link  -->
                </li>
                <li>
                  <a href="#" class="navigator-link " panel-name="ignored-methods-Suite1">
                    <span>Ignored methods</span>
                  </a> <!-- navigator-link  -->
                </li>
                <li>
                  <a href="#" class="navigator-link " panel-name="chronological-Suite1">
                    <span>Chronological view</span>
                  </a> <!-- navigator-link  -->
                </li>
              </ul>
            </div> <!-- suite-section-content -->
            <div class="result-section">
              <div class="suite-section-title">
                <span>Results</span>
              </div> <!-- suite-section-title -->
              <div class="suite-section-content">
                <ul>
                  <li>
                    <span class="method-stats">54 methods, 26 failed,   28 passed</span>
                  </li>
                  <li>
                    <span class="method-list-title failed">Failed methods</span>
                    <span class="show-or-hide-methods failed">
                      <a href="#" panel-name="suite-Suite1" class="hide-methods failed suite-Suite1"> (hide)</a> <!-- hide-methods failed suite-Suite1 -->
                      <a href="#" panel-name="suite-Suite1" class="show-methods failed suite-Suite1"> (show)</a> <!-- show-methods failed suite-Suite1 -->
                    </span>
                    <div class="method-list-content failed suite-Suite1">
                      <span>
                        <img width="3%" src="failed.png"/>
                        <a href="#" class="method navigator-link" panel-name="suite-Suite1" title="tests.NaddUserGroup_Test" hash-for-method="createUserGroup(usergroup, 用户组, description, 测试用户组名是不是可以重复)">createUserGroup(usergroup, 用户组, description, 测试用户组名是不是可以重复)</a> <!-- method navigator-link -->
                      </span>
                      <br/>
                      <span>
                        <img width="3%" src="failed.png"/>
                        <a href="#" class="method navigator-link" panel-name="suite-Suite1" title="tests.NaddUserGroup_Test" hash-for-method="createUserGroup2(usergroup, hehehe, description, 测试不填用户组名字是否可以创建成功)">createUserGroup2(usergroup, hehehe, description, 测试不填用户组名字是否可以创建成功)</a> <!-- method navigator-link -->
                      </span>
                      <br/>
                      <span>
                        <img width="3%" src="failed.png"/>
                        <a href="#" class="method navigator-link" panel-name="suite-Suite1" title="tests.Role_Test" hash-for-method="createUserRole(role, 角色, description, 测试角色名是不是可以重复)">createUserRole(role, 角色, description, 测试角色名是不是可以重复)</a> <!-- method navigator-link -->
                      </span>
                      <br/>
                      <span>
                        <img width="3%" src="failed.png"/>
                        <a href="#" class="method navigator-link" panel-name="suite-Suite1" title="tests.Role_Test" hash-for-method="createUserRole2(role, hehehe, description, 测试不填角色名字是否可以创建成功)">createUserRole2(role, hehehe, description, 测试不填角色名字是否可以创建成功)</a> <!-- method navigator-link -->
                      </span>
                      <br/>
                      <span>
                        <img width="3%" src="failed.png"/>
                        <a href="#" class="method navigator-link" panel-name="suite-Suite1" title="tests.Role_Test" hash-for-method="createUserRole2(role, hahaha, description, 测试不填角色描述是否可以创建成功)">createUserRole2(role, hahaha, description, 测试不填角色描述是否可以创建成功)</a> <!-- method navigator-link -->
                      </span>
                      <br/>
                      <span>
                        <img width="3%" src="failed.png"/>
                        <a href="#" class="method navigator-link" panel-name="suite-Suite1" title="tests.Login_Test" hash-for-method="login1(username, admin, password, LZD1234..)">login1(username, admin, password, LZD1234..)</a> <!-- method navigator-link -->
                      </span>
                      <br/>
                      <span>
                        <img width="3%" src="failed.png"/>
                        <a href="#" class="method navigator-link" panel-name="suite-Suite1" title="tests.Login_Test" hash-for-method="login1(username, admin1, password, LZD1234..)">login1(username, admin1, password, LZD1234..)</a> <!-- method navigator-link -->
                      </span>
                      <br/>
                      <span>
                        <img width="3%" src="failed.png"/>
                        <a href="#" class="method navigator-link" panel-name="suite-Suite1" title="tests.Login_Test" hash-for-method="login1(username, admin1, password, LZD123..)">login1(username, admin1, password, LZD123..)</a> <!-- method navigator-link -->
                      </span>
                      <br/>
                      <span>
                        <img width="3%" src="failed.png"/>
                        <a href="#" class="method navigator-link" panel-name="suite-Suite1" title="tests.Main_Test" hash-for-method="userManage(username, LZD1, fullname, liuzhidan , email, 188139337@QQ.com)">userManage(username, LZD1, fullname, liuzhidan , email, 188139337@QQ.com)</a> <!-- method navigator-link -->
                      </span>
                      <br/>
                      <span>
                        <img width="3%" src="failed.png"/>
                        <a href="#" class="method navigator-link" panel-name="suite-Suite1" title="tests.Main_Test" hash-for-method="userManage(username, LZD1, fullname, liuzhidan1 , email, 279879153@QQ.com)">userManage(username, LZD1, fullname, liuzhidan1 , email, 279879153@QQ.com)</a> <!-- method navigator-link -->
                      </span>
                      <br/>
                      <span>
                        <img width="3%" src="failed.png"/>
                        <a href="#" class="method navigator-link" panel-name="suite-Suite1" title="tests.Main_Test" hash-for-method="userManage(username, LZD1, fullname, liuzhidan , email, 279879153@QQ.com)">userManage(username, LZD1, fullname, liuzhidan , email, 279879153@QQ.com)</a> <!-- method navigator-link -->
                      </span>
                      <br/>
                      <span>
                        <img width="3%" src="failed.png"/>
                        <a href="#" class="method navigator-link" panel-name="suite-Suite1" title="tests.Main_Test" hash-for-method="userManage(username, LZD5, fullname, liuzhidan , email, 2.79879155E8)">userManage(username, LZD5, fullname, liuzhidan , email, 2.79879155E8)</a> <!-- method navigator-link -->
                      </span>
                      <br/>
                      <span>
                        <img width="3%" src="failed.png"/>
                        <a href="#" class="method navigator-link" panel-name="suite-Suite1" title="tests.Main_Test" hash-for-method="userManage(username, LZD2, fullname, liuzhidan , email, 279879153@QQ.com)">userManage(username, LZD2, fullname, liuzhidan , email, 279879153@QQ.com)</a> <!-- method navigator-link -->
                      </span>
                      <br/>
                      <span>
                        <img width="3%" src="failed.png"/>
                        <a href="#" class="method navigator-link" panel-name="suite-Suite1" title="tests.Main_Test" hash-for-method="userManage(username, LZD3, fullname, liuzhidan , email, 27983@QQ.com)">userManage(username, LZD3, fullname, liuzhidan , email, 27983@QQ.com)</a> <!-- method navigator-link -->
                      </span>
                      <br/>
                      <span>
                        <img width="3%" src="failed.png"/>
                        <a href="#" class="method navigator-link" panel-name="suite-Suite1" title="tests.Main_Test" hash-for-method="userManage2(username, HUA10, fullname, liuzhidan , email, 279879161@QQ.com, password, LZD123..)">userManage2(username, HUA10, fullname, liuzhidan , email, 279879161@QQ.com, password, LZD123..)</a> <!-- method navigator-link -->
                      </span>
                      <br/>
                      <span>
                        <img width="3%" src="failed.png"/>
                        <a href="#" class="method navigator-link" panel-name="suite-Suite1" title="tests.Main_Test" hash-for-method="userManage2(username, HUA9, fullname, liuzhidan , email, 279879160@QQ.com, password, LZDlzd12)">userManage2(username, HUA9, fullname, liuzhidan , email, 279879160@QQ.com, password, LZDlzd12)</a> <!-- method navigator-link -->
                      </span>
                      <br/>
                      <span>
                        <img width="3%" src="failed.png"/>
                        <a href="#" class="method navigator-link" panel-name="suite-Suite1" title="tests.Main_Test" hash-for-method="userManage2(username, HUA4, fullname, liuzhidan , email, 279879156@QQ.com, password, lzdhcyaa)">userManage2(username, HUA4, fullname, liuzhidan , email, 279879156@QQ.com, password, lzdhcyaa)</a> <!-- method navigator-link -->
                      </span>
                      <br/>
                      <span>
                        <img width="3%" src="failed.png"/>
                        <a href="#" class="method navigator-link" panel-name="suite-Suite1" title="tests.Main_Test" hash-for-method="userManage2(username, HUA11, fullname, liuzhidan , email, 279879162@QQ.com, password, lzd123..)">userManage2(username, HUA11, fullname, liuzhidan , email, 279879162@QQ.com, password, lzd123..)</a> <!-- method navigator-link -->
                      </span>
                      <br/>
                      <span>
                        <img width="3%" src="failed.png"/>
                        <a href="#" class="method navigator-link" panel-name="suite-Suite1" title="tests.Main_Test" hash-for-method="userManage2(username, HUA5, fullname, liuzhidan , email, 279879157@QQ.com, password, LZD12345)">userManage2(username, HUA5, fullname, liuzhidan , email, 279879157@QQ.com, password, LZD12345)</a> <!-- method navigator-link -->
                      </span>
                      <br/>
                      <span>
                        <img width="3%" src="failed.png"/>
                        <a href="#" class="method navigator-link" panel-name="suite-Suite1" title="tests.Main_Test" hash-for-method="userManage2(username, HUA13, fullname, liuzhidan , email, 279879162@QQ.com, password, Lchdjshcjdhujchdushfusuhdi...)">userManage2(username, HUA13, fullname, liuzhidan , email, 279879162@QQ.com, password, Lchdjshcjdhujchdushfusuhdi...)</a> <!-- method navigator-link -->
                      </span>
                      <br/>
                      <span>
                        <img width="3%" src="failed.png"/>
                        <a href="#" class="method navigator-link" panel-name="suite-Suite1" title="tests.Main_Test" hash-for-method="userManage2(username, HUA1, fullname, liuzhidan , email, 279879153@QQ.com, password, 1234.0)">userManage2(username, HUA1, fullname, liuzhidan , email, 279879153@QQ.com, password, 1234.0)</a> <!-- method navigator-link -->
                      </span>
                      <br/>
                      <span>
                        <img width="3%" src="failed.png"/>
                        <a href="#" class="method navigator-link" panel-name="suite-Suite1" title="tests.Main_Test" hash-for-method="userManage2(username, HUA7, fullname, liuzhidan , email, 279879159@QQ.com, password, LZDlzdaa)">userManage2(username, HUA7, fullname, liuzhidan , email, 279879159@QQ.com, password, LZDlzdaa)</a> <!-- method navigator-link -->
                      </span>
                      <br/>
                      <span>
                        <img width="3%" src="failed.png"/>
                        <a href="#" class="method navigator-link" panel-name="suite-Suite1" title="tests.Main_Test" hash-for-method="userManage2(username, HUA3, fullname, liuzhidan , email, 279879155@QQ.com, password, LZDHCYAA)">userManage2(username, HUA3, fullname, liuzhidan , email, 279879155@QQ.com, password, LZDHCYAA)</a> <!-- method navigator-link -->
                      </span>
                      <br/>
                      <span>
                        <img width="3%" src="failed.png"/>
                        <a href="#" class="method navigator-link" panel-name="suite-Suite1" title="tests.Main_Test" hash-for-method="userManage2(username, HUA2, fullname, liuzhidan , email, 279879154@QQ.com, password, 1.2345678E7)">userManage2(username, HUA2, fullname, liuzhidan , email, 279879154@QQ.com, password, 1.2345678E7)</a> <!-- method navigator-link -->
                      </span>
                      <br/>
                      <span>
                        <img width="3%" src="failed.png"/>
                        <a href="#" class="method navigator-link" panel-name="suite-Suite1" title="tests.Main_Test" hash-for-method="userManage2(username, HUA12, fullname, liuzhidan , email, 279879162@QQ.com, password, Lzd123..)">userManage2(username, HUA12, fullname, liuzhidan , email, 279879162@QQ.com, password, Lzd123..)</a> <!-- method navigator-link -->
                      </span>
                      <br/>
                      <span>
                        <img width="3%" src="failed.png"/>
                        <a href="#" class="method navigator-link" panel-name="suite-Suite1" title="tests.Main_Test" hash-for-method="userManage2(username, HUA6, fullname, liuzhidan , email, 279879158@QQ.com, password, lzd12345)">userManage2(username, HUA6, fullname, liuzhidan , email, 279879158@QQ.com, password, lzd12345)</a> <!-- method navigator-link -->
                      </span>
                      <br/>
                    </div> <!-- method-list-content failed suite-Suite1 -->
                  </li>
                  <li>
                    <span class="method-list-title passed">Passed methods</span>
                    <span class="show-or-hide-methods passed">
                      <a href="#" panel-name="suite-Suite1" class="hide-methods passed suite-Suite1"> (hide)</a> <!-- hide-methods passed suite-Suite1 -->
                      <a href="#" panel-name="suite-Suite1" class="show-methods passed suite-Suite1"> (show)</a> <!-- show-methods passed suite-Suite1 -->
                    </span>
                    <div class="method-list-content passed suite-Suite1">
                      <span>
                        <img width="3%" src="passed.png"/>
                        <a href="#" class="method navigator-link" panel-name="suite-Suite1" title="tests.Main_Test" hash-for-method="addXnUser">addXnUser</a> <!-- method navigator-link -->
                      </span>
                      <br/>
                      <span>
                        <img width="3%" src="passed.png"/>
                        <a href="#" class="method navigator-link" panel-name="suite-Suite1" title="tests.NaddUserGroup_Test" hash-for-method="createUserGroup(usergroup, A, description, 测试用户组名最短可以是多短)">createUserGroup(usergroup, A, description, 测试用户组名最短可以是多短)</a> <!-- method navigator-link -->
                      </span>
                      <br/>
                      <span>
                        <img width="3%" src="passed.png"/>
                        <a href="#" class="method navigator-link" panel-name="suite-Suite1" title="tests.NaddUserGroup_Test" hash-for-method="createUserGroup(usergroup, !!@#$, description, 测试用户组名是不是可以是特殊符号)">createUserGroup(usergroup, !!@#$, description, 测试用户组名是不是可以是特殊符号)</a> <!-- method navigator-link -->
                      </span>
                      <br/>
                      <span>
                        <img width="3%" src="passed.png"/>
                        <a href="#" class="method navigator-link" panel-name="suite-Suite1" title="tests.NaddUserGroup_Test" hash-for-method="createUserGroup(usergroup, 用户组, description, 测试用户组名是不是可以是纯中文)">createUserGroup(usergroup, 用户组, description, 测试用户组名是不是可以是纯中文)</a> <!-- method navigator-link -->
                      </span>
                      <br/>
                      <span>
                        <img width="3%" src="passed.png"/>
                        <a href="#" class="method navigator-link" panel-name="suite-Suite1" title="tests.NaddUserGroup_Test" hash-for-method="createUserGroup(usergroup, 123.0, description, 测试用户组名是不是可以是纯数字)">createUserGroup(usergroup, 123.0, description, 测试用户组名是不是可以是纯数字)</a> <!-- method navigator-link -->
                      </span>
                      <br/>
                      <span>
                        <img width="3%" src="passed.png"/>
                        <a href="#" class="method navigator-link" panel-name="suite-Suite1" title="tests.NaddUserGroup_Test" hash-for-method="createUserGroup(usergroup, 啊啊啊啊啊啊啊啊啊啊啊啊啊啊啊啊啊啊啊啊啊啊啊啊啊啊啊啊啊啊啊啊啊啊啊啊啊啊啊啊啊啊啊啊啊啊啊啊啊啊啊啊啊啊啊啊啊啊啊啊啊啊啊啊啊啊啊啊啊啊啊啊啊啊啊啊啊啊啊啊啊啊, descr...)">createUserGroup(usergroup, 啊啊啊啊啊啊啊啊啊啊啊啊啊啊啊啊啊啊啊啊啊啊啊啊啊啊啊啊啊啊啊啊啊啊啊啊啊啊啊啊啊啊啊啊啊啊啊啊啊啊啊啊啊啊啊啊啊啊啊啊啊啊啊啊啊啊啊啊啊啊啊啊啊啊啊啊啊啊啊啊啊啊, descr...)</a> <!-- method navigator-link -->
                      </span>
                      <br/>
                      <span>
                        <img width="3%" src="passed.png"/>
                        <a href="#" class="method navigator-link" panel-name="suite-Suite1" title="tests.NaddUserGroup_Test" hash-for-method="createUserGroup(usergroup, usergroup, description, 测试用户组名是不是可以是纯英文)">createUserGroup(usergroup, usergroup, description, 测试用户组名是不是可以是纯英文)</a> <!-- method navigator-link -->
                      </span>
                      <br/>
                      <span>
                        <img width="3%" src="passed.png"/>
                        <a href="#" class="method navigator-link" panel-name="suite-Suite1" title="tests.NaddUserGroup_Test" hash-for-method="createUserGroup2(usergroup, hahaha, description, 测试不填用户组描述是否可以创建成功)">createUserGroup2(usergroup, hahaha, description, 测试不填用户组描述是否可以创建成功)</a> <!-- method navigator-link -->
                      </span>
                      <br/>
                      <span>
                        <img width="3%" src="passed.png"/>
                        <a href="#" class="method navigator-link" panel-name="suite-Suite1" title="tests.Role_Test" hash-for-method="createUserRole(role, 角色, description, 测试角色名是不是可以是纯中文)">createUserRole(role, 角色, description, 测试角色名是不是可以是纯中文)</a> <!-- method navigator-link -->
                      </span>
                      <br/>
                      <span>
                        <img width="3%" src="passed.png"/>
                        <a href="#" class="method navigator-link" panel-name="suite-Suite1" title="tests.Role_Test" hash-for-method="createUserRole(role, A, description, 测试角色名最短可以是多短)">createUserRole(role, A, description, 测试角色名最短可以是多短)</a> <!-- method navigator-link -->
                      </span>
                      <br/>
                      <span>
                        <img width="3%" src="passed.png"/>
                        <a href="#" class="method navigator-link" panel-name="suite-Suite1" title="tests.Role_Test" hash-for-method="createUserRole(role, role, description, 测试角色名是不是可以是纯英文)">createUserRole(role, role, description, 测试角色名是不是可以是纯英文)</a> <!-- method navigator-link -->
                      </span>
                      <br/>
                      <span>
                        <img width="3%" src="passed.png"/>
                        <a href="#" class="method navigator-link" panel-name="suite-Suite1" title="tests.Role_Test" hash-for-method="createUserRole(role, !!@#$, description, 测试角色名是不是可以是特殊符号)">createUserRole(role, !!@#$, description, 测试角色名是不是可以是特殊符号)</a> <!-- method navigator-link -->
                      </span>
                      <br/>
                      <span>
                        <img width="3%" src="passed.png"/>
                        <a href="#" class="method navigator-link" panel-name="suite-Suite1" title="tests.Role_Test" hash-for-method="createUserRole(role, 啊啊啊啊啊啊啊啊啊啊啊啊啊啊啊啊啊啊啊啊啊啊啊啊啊啊啊啊啊啊啊啊啊啊啊啊啊啊啊啊啊啊啊啊啊啊啊啊啊啊啊啊啊啊啊啊啊啊啊啊啊啊啊啊啊啊啊啊啊啊啊啊啊啊啊啊啊啊啊啊啊啊, descriptio...)">createUserRole(role, 啊啊啊啊啊啊啊啊啊啊啊啊啊啊啊啊啊啊啊啊啊啊啊啊啊啊啊啊啊啊啊啊啊啊啊啊啊啊啊啊啊啊啊啊啊啊啊啊啊啊啊啊啊啊啊啊啊啊啊啊啊啊啊啊啊啊啊啊啊啊啊啊啊啊啊啊啊啊啊啊啊啊, descriptio...)</a> <!-- method navigator-link -->
                      </span>
                      <br/>
                      <span>
                        <img width="3%" src="passed.png"/>
                        <a href="#" class="method navigator-link" panel-name="suite-Suite1" title="tests.Role_Test" hash-for-method="createUserRole(role, 123.0, description, 测试角色名是不是可以是纯数字)">createUserRole(role, 123.0, description, 测试角色名是不是可以是纯数字)</a> <!-- method navigator-link -->
                      </span>
                      <br/>
                      <span>
                        <img width="3%" src="passed.png"/>
                        <a href="#" class="method navigator-link" panel-name="suite-Suite1" title="tests.Main_Test" hash-for-method="login(username, admin, password, LZD123..)">login(username, admin, password, LZD123..)</a> <!-- method navigator-link -->
                      </span>
                      <br/>
                      <span>
                        <img width="3%" src="passed.png"/>
                        <a href="#" class="method navigator-link" panel-name="suite-Suite1" title="tests.Role_Test" hash-for-method="login(username, admin, password, LZD123..)">login(username, admin, password, LZD123..)</a> <!-- method navigator-link -->
                      </span>
                      <br/>
                      <span>
                        <img width="3%" src="passed.png"/>
                        <a href="#" class="method navigator-link" panel-name="suite-Suite1" title="tests.SdeleteUserGroup_Test" hash-for-method="login(username, admin, password, LZD123..)">login(username, admin, password, LZD123..)</a> <!-- method navigator-link -->
                      </span>
                      <br/>
                      <span>
                        <img width="3%" src="passed.png"/>
                        <a href="#" class="method navigator-link" panel-name="suite-Suite1" title="tests.NaddUserGroup_Test" hash-for-method="login(username, admin, password, LZD123..)">login(username, admin, password, LZD123..)</a> <!-- method navigator-link -->
                      </span>
                      <br/>
                      <span>
                        <img width="3%" src="passed.png"/>
                        <a href="#" class="method navigator-link" panel-name="suite-Suite1" title="tests.Login_Test" hash-for-method="login1(username, admin, password, LZD123..)">login1(username, admin, password, LZD123..)</a> <!-- method navigator-link -->
                      </span>
                      <br/>
                      <span>
                        <img width="3%" src="passed.png"/>
                        <a href="#" class="method navigator-link" panel-name="suite-Suite1" title="tests.SdeleteUserGroup_Test" hash-for-method="testDeleteUserGroup">testDeleteUserGroup</a> <!-- method navigator-link -->
                      </span>
                      <br/>
                      <span>
                        <img width="3%" src="passed.png"/>
                        <a href="#" class="method navigator-link" panel-name="suite-Suite1" title="tests.Main_Test" hash-for-method="userManage(username, HCY, fullname, 12345.0, email, 279879153@QQ.com)">userManage(username, HCY, fullname, 12345.0, email, 279879153@QQ.com)</a> <!-- method navigator-link -->
                      </span>
                      <br/>
                      <span>
                        <img width="3%" src="passed.png"/>
                        <a href="#" class="method navigator-link" panel-name="suite-Suite1" title="tests.Main_Test" hash-for-method="userManage(username, HCUDSHCDHSHCJXHZ, fullname, liuzhidan , email, 279879153@QQ.com)">userManage(username, HCUDSHCDHSHCJXHZ, fullname, liuzhidan , email, 279879153@QQ.com)</a> <!-- method navigator-link -->
                      </span>
                      <br/>
                      <span>
                        <img width="3%" src="passed.png"/>
                        <a href="#" class="method navigator-link" panel-name="suite-Suite1" title="tests.Main_Test" hash-for-method="userManage(username, 123456.0, fullname, huachen, email, 279879153@QQ.com)">userManage(username, 123456.0, fullname, huachen, email, 279879153@QQ.com)</a> <!-- method navigator-link -->
                      </span>
                      <br/>
                      <span>
                        <img width="3%" src="passed.png"/>
                        <a href="#" class="method navigator-link" panel-name="suite-Suite1" title="tests.Main_Test" hash-for-method="userManage(username, LZD11, fullname, liuzh$%%#, email, 279879153@126.com)">userManage(username, LZD11, fullname, liuzh$%%#, email, 279879153@126.com)</a> <!-- method navigator-link -->
                      </span>
                      <br/>
                      <span>
                        <img width="3%" src="passed.png"/>
                        <a href="#" class="method navigator-link" panel-name="suite-Suite1" title="tests.Main_Test" hash-for-method="userManage(username, LZD4, fullname, liuzhidahcudshfudhsufhdu, email, 279879154@QQ.com)">userManage(username, LZD4, fullname, liuzhidahcudshfudhsufhdu, email, 279879154@QQ.com)</a> <!-- method navigator-link -->
                      </span>
                      <br/>
                      <span>
                        <img width="3%" src="passed.png"/>
                        <a href="#" class="method navigator-link" panel-name="suite-Suite1" title="tests.Main_Test" hash-for-method="userManage(username, LZD7, fullname, liuzhidan , email, 279879157@163.com)">userManage(username, LZD7, fullname, liuzhidan , email, 279879157@163.com)</a> <!-- method navigator-link -->
                      </span>
                      <br/>
                      <span>
                        <img width="3%" src="passed.png"/>
                        <a href="#" class="method navigator-link" panel-name="suite-Suite1" title="tests.Main_Test" hash-for-method="userManage(username, LZD8, fullname, liuzhidan , email, 279879153@126.com)">userManage(username, LZD8, fullname, liuzhidan , email, 279879153@126.com)</a> <!-- method navigator-link -->
                      </span>
                      <br/>
                      <span>
                        <img width="3%" src="passed.png"/>
                        <a href="#" class="method navigator-link" panel-name="suite-Suite1" title="tests.Main_Test" hash-for-method="userManage(username, LZD!!%, fullname, liuzhidan, email, 279879153@126.com)">userManage(username, LZD!!%, fullname, liuzhidan, email, 279879153@126.com)</a> <!-- method navigator-link -->
                      </span>
                      <br/>
                    </div> <!-- method-list-content passed suite-Suite1 -->
                  </li>
                </ul>
              </div> <!-- suite-section-content -->
            </div> <!-- result-section -->
          </div> <!-- navigator-suite-content -->
        </div> <!-- rounded-window -->
      </div> <!-- suite -->
    </div> <!-- navigator-root -->
    <div class="wrapper">
      <div class="main-panel-root">
        <div panel-name="suite-Suite1" class="panel Suite1">
          <div class="suite-Suite1-class-failed">
            <div class="main-panel-header rounded-window-top">
              <img src="failed.png"/>
              <span class="class-name">tests.Role_Test</span>
            </div> <!-- main-panel-header rounded-window-top -->
            <div class="main-panel-content rounded-window-bottom">
              <div class="method">
                <div class="method-content">
                  <a name="createUserRole(role, 角色, description, 测试角色名是不是可以重复)">
                  </a> <!-- createUserRole(role, 角色, description, 测试角色名是不是可以重复) -->
                  <span class="method-name">createUserRole</span>
                  <span class="parameters">(role, 角色, description, 测试角色名是不是可以重复)</span>
                  <div class="stack-trace">org.openqa.selenium.UnhandledAlertException: Dismissed user prompt dialog: An error occured while trying to save, please reload the page Code:1571314170100: 
Build info: version: &apos;3.141.59&apos;, revision: &apos;e82be7d358&apos;, time: &apos;2018-11-14T08:25:53&apos;
System info: host: &apos;DESKTOP-PL1AI9U&apos;, ip: &apos;192.168.43.193&apos;, os.name: &apos;Windows 10&apos;, os.arch: &apos;amd64&apos;, os.version: &apos;10.0&apos;, java.version: &apos;1.8.0_231&apos;
Driver info: org.openqa.selenium.firefox.FirefoxDriver
Capabilities {acceptInsecureCerts: true, browserName: firefox, browserVersion: 83.0, javascriptEnabled: true, moz:accessibilityChecks: false, moz:buildID: 20201112153044, moz:geckodriverVersion: 0.24.0, moz:headless: false, moz:processID: 16136, moz:profile: C:\Users\dell\AppData\Local..., moz:shutdownTimeout: 60000, moz:useNonSpecCompliantPointerOrigin: false, moz:webdriverClick: true, pageLoadStrategy: normal, platform: WINDOWS, platformName: WINDOWS, platformVersion: 10.0, rotatable: false, setWindowRect: true, strictFileInteractability: false, timeouts: {implicit: 0, pageLoad: 300000, script: 30000}, unhandledPromptBehavior: dismiss and notify}
Session ID: 0c76943f-91c4-4bb0-84a2-c48f15500e6a
*** Element info: {Using=xpath, value=//div[text()=&apos;角色已成功保存&apos;]}
	at org.openqa.selenium.remote.http.W3CHttpResponseCodec.decode(W3CHttpResponseCodec.java:120)
	at org.openqa.selenium.remote.http.W3CHttpResponseCodec.decode(W3CHttpResponseCodec.java:49)
	at org.openqa.selenium.remote.HttpCommandExecutor.execute(HttpCommandExecutor.java:158)
	at org.openqa.selenium.remote.service.DriverCommandExecutor.execute(DriverCommandExecutor.java:83)
	at org.openqa.selenium.remote.RemoteWebDriver.execute(RemoteWebDriver.java:552)
	at org.openqa.selenium.remote.RemoteWebDriver.findElement(RemoteWebDriver.java:323)
	at org.openqa.selenium.remote.RemoteWebDriver.findElementByXPath(RemoteWebDriver.java:428)
	at org.openqa.selenium.By$ByXPath.findElement(By.java:353)
	at org.openqa.selenium.remote.RemoteWebDriver.findElement(RemoteWebDriver.java:315)
	at tests.Role_Test.createUserRole(Unknown Source)
	at java.util.ArrayList.forEach(ArrayList.java:1257)
... Removed 26 stack frames
</div> <!-- stack-trace -->
                </div> <!-- method-content -->
              </div> <!-- method -->
              <div class="method">
                <div class="method-content">
                  <a name="createUserRole2(role, hehehe, description, 测试不填角色名字是否可以创建成功)">
                  </a> <!-- createUserRole2(role, hehehe, description, 测试不填角色名字是否可以创建成功) -->
                  <span class="method-name">createUserRole2</span>
                  <span class="parameters">(role, hehehe, description, 测试不填角色名字是否可以创建成功)</span>
                  <div class="stack-trace">org.openqa.selenium.NoSuchElementException: Unable to locate element: //div[text()=&apos;角色已成功保存&apos;]
For documentation on this error, please visit: https://www.seleniumhq.org/exceptions/no_such_element.html
Build info: version: &apos;3.141.59&apos;, revision: &apos;e82be7d358&apos;, time: &apos;2018-11-14T08:25:53&apos;
System info: host: &apos;DESKTOP-PL1AI9U&apos;, ip: &apos;192.168.43.193&apos;, os.name: &apos;Windows 10&apos;, os.arch: &apos;amd64&apos;, os.version: &apos;10.0&apos;, java.version: &apos;1.8.0_231&apos;
Driver info: org.openqa.selenium.firefox.FirefoxDriver
Capabilities {acceptInsecureCerts: true, browserName: firefox, browserVersion: 83.0, javascriptEnabled: true, moz:accessibilityChecks: false, moz:buildID: 20201112153044, moz:geckodriverVersion: 0.24.0, moz:headless: false, moz:processID: 16136, moz:profile: C:\Users\dell\AppData\Local..., moz:shutdownTimeout: 60000, moz:useNonSpecCompliantPointerOrigin: false, moz:webdriverClick: true, pageLoadStrategy: normal, platform: WINDOWS, platformName: WINDOWS, platformVersion: 10.0, rotatable: false, setWindowRect: true, strictFileInteractability: false, timeouts: {implicit: 0, pageLoad: 300000, script: 30000}, unhandledPromptBehavior: dismiss and notify}
Session ID: 0c76943f-91c4-4bb0-84a2-c48f15500e6a
*** Element info: {Using=xpath, value=//div[text()=&apos;角色已成功保存&apos;]}
	at org.openqa.selenium.remote.http.W3CHttpResponseCodec.createException(W3CHttpResponseCodec.java:187)
	at org.openqa.selenium.remote.http.W3CHttpResponseCodec.decode(W3CHttpResponseCodec.java:122)
	at org.openqa.selenium.remote.http.W3CHttpResponseCodec.decode(W3CHttpResponseCodec.java:49)
	at org.openqa.selenium.remote.HttpCommandExecutor.execute(HttpCommandExecutor.java:158)
	at org.openqa.selenium.remote.service.DriverCommandExecutor.execute(DriverCommandExecutor.java:83)
	at org.openqa.selenium.remote.RemoteWebDriver.execute(RemoteWebDriver.java:552)
	at org.openqa.selenium.remote.RemoteWebDriver.findElement(RemoteWebDriver.java:323)
	at org.openqa.selenium.remote.RemoteWebDriver.findElementByXPath(RemoteWebDriver.java:428)
	at org.openqa.selenium.By$ByXPath.findElement(By.java:353)
	at org.openqa.selenium.remote.RemoteWebDriver.findElement(RemoteWebDriver.java:315)
	at tests.Role_Test.createUserRole2(Unknown Source)
	at java.util.ArrayList.forEach(ArrayList.java:1257)
... Removed 29 stack frames
</div> <!-- stack-trace -->
                </div> <!-- method-content -->
              </div> <!-- method -->
              <div class="method">
                <div class="method-content">
                  <a name="createUserRole2(role, hahaha, description, 测试不填角色描述是否可以创建成功)">
                  </a> <!-- createUserRole2(role, hahaha, description, 测试不填角色描述是否可以创建成功) -->
                  <span class="method-name">createUserRole2</span>
                  <span class="parameters">(role, hahaha, description, 测试不填角色描述是否可以创建成功)</span>
                  <div class="stack-trace">org.openqa.selenium.NoSuchElementException: Unable to locate element: //div[text()=&apos;角色已成功保存&apos;]
For documentation on this error, please visit: https://www.seleniumhq.org/exceptions/no_such_element.html
Build info: version: &apos;3.141.59&apos;, revision: &apos;e82be7d358&apos;, time: &apos;2018-11-14T08:25:53&apos;
System info: host: &apos;DESKTOP-PL1AI9U&apos;, ip: &apos;192.168.43.193&apos;, os.name: &apos;Windows 10&apos;, os.arch: &apos;amd64&apos;, os.version: &apos;10.0&apos;, java.version: &apos;1.8.0_231&apos;
Driver info: org.openqa.selenium.firefox.FirefoxDriver
Capabilities {acceptInsecureCerts: true, browserName: firefox, browserVersion: 83.0, javascriptEnabled: true, moz:accessibilityChecks: false, moz:buildID: 20201112153044, moz:geckodriverVersion: 0.24.0, moz:headless: false, moz:processID: 16136, moz:profile: C:\Users\dell\AppData\Local..., moz:shutdownTimeout: 60000, moz:useNonSpecCompliantPointerOrigin: false, moz:webdriverClick: true, pageLoadStrategy: normal, platform: WINDOWS, platformName: WINDOWS, platformVersion: 10.0, rotatable: false, setWindowRect: true, strictFileInteractability: false, timeouts: {implicit: 0, pageLoad: 300000, script: 30000}, unhandledPromptBehavior: dismiss and notify}
Session ID: 0c76943f-91c4-4bb0-84a2-c48f15500e6a
*** Element info: {Using=xpath, value=//div[text()=&apos;角色已成功保存&apos;]}
	at org.openqa.selenium.remote.http.W3CHttpResponseCodec.createException(W3CHttpResponseCodec.java:187)
	at org.openqa.selenium.remote.http.W3CHttpResponseCodec.decode(W3CHttpResponseCodec.java:122)
	at org.openqa.selenium.remote.http.W3CHttpResponseCodec.decode(W3CHttpResponseCodec.java:49)
	at org.openqa.selenium.remote.HttpCommandExecutor.execute(HttpCommandExecutor.java:158)
	at org.openqa.selenium.remote.service.DriverCommandExecutor.execute(DriverCommandExecutor.java:83)
	at org.openqa.selenium.remote.RemoteWebDriver.execute(RemoteWebDriver.java:552)
	at org.openqa.selenium.remote.RemoteWebDriver.findElement(RemoteWebDriver.java:323)
	at org.openqa.selenium.remote.RemoteWebDriver.findElementByXPath(RemoteWebDriver.java:428)
	at org.openqa.selenium.By$ByXPath.findElement(By.java:353)
	at org.openqa.selenium.remote.RemoteWebDriver.findElement(RemoteWebDriver.java:315)
	at tests.Role_Test.createUserRole2(Unknown Source)
	at java.util.ArrayList.forEach(ArrayList.java:1257)
... Removed 29 stack frames
</div> <!-- stack-trace -->
                </div> <!-- method-content -->
              </div> <!-- method -->
            </div> <!-- main-panel-content rounded-window-bottom -->
          </div> <!-- suite-Suite1-class-failed -->
          <div class="suite-Suite1-class-failed">
            <div class="main-panel-header rounded-window-top">
              <img src="failed.png"/>
              <span class="class-name">tests.Login_Test</span>
            </div> <!-- main-panel-header rounded-window-top -->
            <div class="main-panel-content rounded-window-bottom">
              <div class="method">
                <div class="method-content">
                  <a name="login1(username, admin, password, LZD1234..)">
                  </a> <!-- login1(username, admin, password, LZD1234..) -->
                  <span class="method-name">login1</span>
                  <span class="parameters">(username, admin, password, LZD1234..)</span>
                  <div class="stack-trace">org.openqa.selenium.NoSuchElementException: Unable to locate element: .navbar\-header
For documentation on this error, please visit: https://www.seleniumhq.org/exceptions/no_such_element.html
Build info: version: &apos;3.141.59&apos;, revision: &apos;e82be7d358&apos;, time: &apos;2018-11-14T08:25:53&apos;
System info: host: &apos;DESKTOP-PL1AI9U&apos;, ip: &apos;192.168.43.193&apos;, os.name: &apos;Windows 10&apos;, os.arch: &apos;amd64&apos;, os.version: &apos;10.0&apos;, java.version: &apos;1.8.0_231&apos;
Driver info: org.openqa.selenium.firefox.FirefoxDriver
Capabilities {acceptInsecureCerts: true, browserName: firefox, browserVersion: 83.0, javascriptEnabled: true, moz:accessibilityChecks: false, moz:buildID: 20201112153044, moz:geckodriverVersion: 0.24.0, moz:headless: false, moz:processID: 6880, moz:profile: C:\Users\dell\AppData\Local..., moz:shutdownTimeout: 60000, moz:useNonSpecCompliantPointerOrigin: false, moz:webdriverClick: true, pageLoadStrategy: normal, platform: WINDOWS, platformName: WINDOWS, platformVersion: 10.0, rotatable: false, setWindowRect: true, strictFileInteractability: false, timeouts: {implicit: 0, pageLoad: 300000, script: 30000}, unhandledPromptBehavior: dismiss and notify}
Session ID: 03b12f13-bd84-426e-ae7f-a291997c1ea8
*** Element info: {Using=class name, value=navbar-header}
	at org.openqa.selenium.remote.http.W3CHttpResponseCodec.createException(W3CHttpResponseCodec.java:187)
	at org.openqa.selenium.remote.http.W3CHttpResponseCodec.decode(W3CHttpResponseCodec.java:122)
	at org.openqa.selenium.remote.http.W3CHttpResponseCodec.decode(W3CHttpResponseCodec.java:49)
	at org.openqa.selenium.remote.HttpCommandExecutor.execute(HttpCommandExecutor.java:158)
	at org.openqa.selenium.remote.service.DriverCommandExecutor.execute(DriverCommandExecutor.java:83)
	at org.openqa.selenium.remote.RemoteWebDriver.execute(RemoteWebDriver.java:552)
	at org.openqa.selenium.remote.RemoteWebDriver.findElement(RemoteWebDriver.java:323)
	at org.openqa.selenium.remote.RemoteWebDriver.findElementByClassName(RemoteWebDriver.java:412)
	at org.openqa.selenium.By$ByClassName.findElement(By.java:389)
	at org.openqa.selenium.remote.RemoteWebDriver.findElement(RemoteWebDriver.java:315)
	at tests.Login_Test.login1(Unknown Source)
	at java.util.ArrayList.forEach(ArrayList.java:1257)
... Removed 30 stack frames
</div> <!-- stack-trace -->
                </div> <!-- method-content -->
              </div> <!-- method -->
              <div class="method">
                <div class="method-content">
                  <a name="login1(username, admin1, password, LZD1234..)">
                  </a> <!-- login1(username, admin1, password, LZD1234..) -->
                  <span class="method-name">login1</span>
                  <span class="parameters">(username, admin1, password, LZD1234..)</span>
                  <div class="stack-trace">org.openqa.selenium.NoSuchElementException: Unable to locate element: .navbar\-header
For documentation on this error, please visit: https://www.seleniumhq.org/exceptions/no_such_element.html
Build info: version: &apos;3.141.59&apos;, revision: &apos;e82be7d358&apos;, time: &apos;2018-11-14T08:25:53&apos;
System info: host: &apos;DESKTOP-PL1AI9U&apos;, ip: &apos;192.168.43.193&apos;, os.name: &apos;Windows 10&apos;, os.arch: &apos;amd64&apos;, os.version: &apos;10.0&apos;, java.version: &apos;1.8.0_231&apos;
Driver info: org.openqa.selenium.firefox.FirefoxDriver
Capabilities {acceptInsecureCerts: true, browserName: firefox, browserVersion: 83.0, javascriptEnabled: true, moz:accessibilityChecks: false, moz:buildID: 20201112153044, moz:geckodriverVersion: 0.24.0, moz:headless: false, moz:processID: 6880, moz:profile: C:\Users\dell\AppData\Local..., moz:shutdownTimeout: 60000, moz:useNonSpecCompliantPointerOrigin: false, moz:webdriverClick: true, pageLoadStrategy: normal, platform: WINDOWS, platformName: WINDOWS, platformVersion: 10.0, rotatable: false, setWindowRect: true, strictFileInteractability: false, timeouts: {implicit: 0, pageLoad: 300000, script: 30000}, unhandledPromptBehavior: dismiss and notify}
Session ID: 03b12f13-bd84-426e-ae7f-a291997c1ea8
*** Element info: {Using=class name, value=navbar-header}
	at org.openqa.selenium.remote.http.W3CHttpResponseCodec.createException(W3CHttpResponseCodec.java:187)
	at org.openqa.selenium.remote.http.W3CHttpResponseCodec.decode(W3CHttpResponseCodec.java:122)
	at org.openqa.selenium.remote.http.W3CHttpResponseCodec.decode(W3CHttpResponseCodec.java:49)
	at org.openqa.selenium.remote.HttpCommandExecutor.execute(HttpCommandExecutor.java:158)
	at org.openqa.selenium.remote.service.DriverCommandExecutor.execute(DriverCommandExecutor.java:83)
	at org.openqa.selenium.remote.RemoteWebDriver.execute(RemoteWebDriver.java:552)
	at org.openqa.selenium.remote.RemoteWebDriver.findElement(RemoteWebDriver.java:323)
	at org.openqa.selenium.remote.RemoteWebDriver.findElementByClassName(RemoteWebDriver.java:412)
	at org.openqa.selenium.By$ByClassName.findElement(By.java:389)
	at org.openqa.selenium.remote.RemoteWebDriver.findElement(RemoteWebDriver.java:315)
	at tests.Login_Test.login1(Unknown Source)
	at java.util.ArrayList.forEach(ArrayList.java:1257)
... Removed 30 stack frames
</div> <!-- stack-trace -->
                </div> <!-- method-content -->
              </div> <!-- method -->
              <div class="method">
                <div class="method-content">
                  <a name="login1(username, admin1, password, LZD123..)">
                  </a> <!-- login1(username, admin1, password, LZD123..) -->
                  <span class="method-name">login1</span>
                  <span class="parameters">(username, admin1, password, LZD123..)</span>
                  <div class="stack-trace">org.openqa.selenium.NoSuchElementException: Unable to locate element: .navbar\-header
For documentation on this error, please visit: https://www.seleniumhq.org/exceptions/no_such_element.html
Build info: version: &apos;3.141.59&apos;, revision: &apos;e82be7d358&apos;, time: &apos;2018-11-14T08:25:53&apos;
System info: host: &apos;DESKTOP-PL1AI9U&apos;, ip: &apos;192.168.43.193&apos;, os.name: &apos;Windows 10&apos;, os.arch: &apos;amd64&apos;, os.version: &apos;10.0&apos;, java.version: &apos;1.8.0_231&apos;
Driver info: org.openqa.selenium.firefox.FirefoxDriver
Capabilities {acceptInsecureCerts: true, browserName: firefox, browserVersion: 83.0, javascriptEnabled: true, moz:accessibilityChecks: false, moz:buildID: 20201112153044, moz:geckodriverVersion: 0.24.0, moz:headless: false, moz:processID: 6880, moz:profile: C:\Users\dell\AppData\Local..., moz:shutdownTimeout: 60000, moz:useNonSpecCompliantPointerOrigin: false, moz:webdriverClick: true, pageLoadStrategy: normal, platform: WINDOWS, platformName: WINDOWS, platformVersion: 10.0, rotatable: false, setWindowRect: true, strictFileInteractability: false, timeouts: {implicit: 0, pageLoad: 300000, script: 30000}, unhandledPromptBehavior: dismiss and notify}
Session ID: 03b12f13-bd84-426e-ae7f-a291997c1ea8
*** Element info: {Using=class name, value=navbar-header}
	at org.openqa.selenium.remote.http.W3CHttpResponseCodec.createException(W3CHttpResponseCodec.java:187)
	at org.openqa.selenium.remote.http.W3CHttpResponseCodec.decode(W3CHttpResponseCodec.java:122)
	at org.openqa.selenium.remote.http.W3CHttpResponseCodec.decode(W3CHttpResponseCodec.java:49)
	at org.openqa.selenium.remote.HttpCommandExecutor.execute(HttpCommandExecutor.java:158)
	at org.openqa.selenium.remote.service.DriverCommandExecutor.execute(DriverCommandExecutor.java:83)
	at org.openqa.selenium.remote.RemoteWebDriver.execute(RemoteWebDriver.java:552)
	at org.openqa.selenium.remote.RemoteWebDriver.findElement(RemoteWebDriver.java:323)
	at org.openqa.selenium.remote.RemoteWebDriver.findElementByClassName(RemoteWebDriver.java:412)
	at org.openqa.selenium.By$ByClassName.findElement(By.java:389)
	at org.openqa.selenium.remote.RemoteWebDriver.findElement(RemoteWebDriver.java:315)
	at tests.Login_Test.login1(Unknown Source)
	at java.util.ArrayList.forEach(ArrayList.java:1257)
... Removed 30 stack frames
</div> <!-- stack-trace -->
                </div> <!-- method-content -->
              </div> <!-- method -->
            </div> <!-- main-panel-content rounded-window-bottom -->
          </div> <!-- suite-Suite1-class-failed -->
          <div class="suite-Suite1-class-failed">
            <div class="main-panel-header rounded-window-top">
              <img src="failed.png"/>
              <span class="class-name">tests.Main_Test</span>
            </div> <!-- main-panel-header rounded-window-top -->
            <div class="main-panel-content rounded-window-bottom">
              <div class="method">
                <div class="method-content">
                  <a name="userManage(username, LZD1, fullname, liuzhidan , email, 188139337@QQ.com)">
                  </a> <!-- userManage(username, LZD1, fullname, liuzhidan , email, 188139337@QQ.com) -->
                  <span class="method-name">userManage</span>
                  <span class="parameters">(username, LZD1, fullname, liuzhidan , email, 188139337@QQ.com)</span>
                  <div class="stack-trace">org.openqa.selenium.NoSuchElementException: Unable to locate element: //div[text()=&apos;用户创建成功&apos;]
For documentation on this error, please visit: https://www.seleniumhq.org/exceptions/no_such_element.html
Build info: version: &apos;3.141.59&apos;, revision: &apos;e82be7d358&apos;, time: &apos;2018-11-14T08:25:53&apos;
System info: host: &apos;DESKTOP-PL1AI9U&apos;, ip: &apos;192.168.43.193&apos;, os.name: &apos;Windows 10&apos;, os.arch: &apos;amd64&apos;, os.version: &apos;10.0&apos;, java.version: &apos;1.8.0_231&apos;
Driver info: org.openqa.selenium.firefox.FirefoxDriver
Capabilities {acceptInsecureCerts: true, browserName: firefox, browserVersion: 83.0, javascriptEnabled: true, moz:accessibilityChecks: false, moz:buildID: 20201112153044, moz:geckodriverVersion: 0.24.0, moz:headless: false, moz:processID: 18956, moz:profile: C:\Users\dell\AppData\Local..., moz:shutdownTimeout: 60000, moz:useNonSpecCompliantPointerOrigin: false, moz:webdriverClick: true, pageLoadStrategy: normal, platform: WINDOWS, platformName: WINDOWS, platformVersion: 10.0, rotatable: false, setWindowRect: true, strictFileInteractability: false, timeouts: {implicit: 0, pageLoad: 300000, script: 30000}, unhandledPromptBehavior: dismiss and notify}
Session ID: ecd47e51-e314-4f08-aea0-35a9c0620e87
*** Element info: {Using=xpath, value=//div[text()=&apos;用户创建成功&apos;]}
	at org.openqa.selenium.remote.http.W3CHttpResponseCodec.createException(W3CHttpResponseCodec.java:187)
	at org.openqa.selenium.remote.http.W3CHttpResponseCodec.decode(W3CHttpResponseCodec.java:122)
	at org.openqa.selenium.remote.http.W3CHttpResponseCodec.decode(W3CHttpResponseCodec.java:49)
	at org.openqa.selenium.remote.HttpCommandExecutor.execute(HttpCommandExecutor.java:158)
	at org.openqa.selenium.remote.service.DriverCommandExecutor.execute(DriverCommandExecutor.java:83)
	at org.openqa.selenium.remote.RemoteWebDriver.execute(RemoteWebDriver.java:552)
	at org.openqa.selenium.remote.RemoteWebDriver.findElement(RemoteWebDriver.java:323)
	at org.openqa.selenium.remote.RemoteWebDriver.findElementByXPath(RemoteWebDriver.java:428)
	at org.openqa.selenium.By$ByXPath.findElement(By.java:353)
	at org.openqa.selenium.remote.RemoteWebDriver.findElement(RemoteWebDriver.java:315)
	at tests.Main_Test.userManage(Unknown Source)
	at java.util.ArrayList.forEach(ArrayList.java:1257)
... Removed 30 stack frames
</div> <!-- stack-trace -->
                </div> <!-- method-content -->
              </div> <!-- method -->
              <div class="method">
                <div class="method-content">
                  <a name="userManage(username, LZD1, fullname, liuzhidan1 , email, 279879153@QQ.com)">
                  </a> <!-- userManage(username, LZD1, fullname, liuzhidan1 , email, 279879153@QQ.com) -->
                  <span class="method-name">userManage</span>
                  <span class="parameters">(username, LZD1, fullname, liuzhidan1 , email, 279879153@QQ.com)</span>
                  <div class="stack-trace">org.openqa.selenium.NoSuchElementException: Unable to locate element: //div[text()=&apos;用户创建成功&apos;]
For documentation on this error, please visit: https://www.seleniumhq.org/exceptions/no_such_element.html
Build info: version: &apos;3.141.59&apos;, revision: &apos;e82be7d358&apos;, time: &apos;2018-11-14T08:25:53&apos;
System info: host: &apos;DESKTOP-PL1AI9U&apos;, ip: &apos;192.168.43.193&apos;, os.name: &apos;Windows 10&apos;, os.arch: &apos;amd64&apos;, os.version: &apos;10.0&apos;, java.version: &apos;1.8.0_231&apos;
Driver info: org.openqa.selenium.firefox.FirefoxDriver
Capabilities {acceptInsecureCerts: true, browserName: firefox, browserVersion: 83.0, javascriptEnabled: true, moz:accessibilityChecks: false, moz:buildID: 20201112153044, moz:geckodriverVersion: 0.24.0, moz:headless: false, moz:processID: 18956, moz:profile: C:\Users\dell\AppData\Local..., moz:shutdownTimeout: 60000, moz:useNonSpecCompliantPointerOrigin: false, moz:webdriverClick: true, pageLoadStrategy: normal, platform: WINDOWS, platformName: WINDOWS, platformVersion: 10.0, rotatable: false, setWindowRect: true, strictFileInteractability: false, timeouts: {implicit: 0, pageLoad: 300000, script: 30000}, unhandledPromptBehavior: dismiss and notify}
Session ID: ecd47e51-e314-4f08-aea0-35a9c0620e87
*** Element info: {Using=xpath, value=//div[text()=&apos;用户创建成功&apos;]}
	at org.openqa.selenium.remote.http.W3CHttpResponseCodec.createException(W3CHttpResponseCodec.java:187)
	at org.openqa.selenium.remote.http.W3CHttpResponseCodec.decode(W3CHttpResponseCodec.java:122)
	at org.openqa.selenium.remote.http.W3CHttpResponseCodec.decode(W3CHttpResponseCodec.java:49)
	at org.openqa.selenium.remote.HttpCommandExecutor.execute(HttpCommandExecutor.java:158)
	at org.openqa.selenium.remote.service.DriverCommandExecutor.execute(DriverCommandExecutor.java:83)
	at org.openqa.selenium.remote.RemoteWebDriver.execute(RemoteWebDriver.java:552)
	at org.openqa.selenium.remote.RemoteWebDriver.findElement(RemoteWebDriver.java:323)
	at org.openqa.selenium.remote.RemoteWebDriver.findElementByXPath(RemoteWebDriver.java:428)
	at org.openqa.selenium.By$ByXPath.findElement(By.java:353)
	at org.openqa.selenium.remote.RemoteWebDriver.findElement(RemoteWebDriver.java:315)
	at tests.Main_Test.userManage(Unknown Source)
	at java.util.ArrayList.forEach(ArrayList.java:1257)
... Removed 30 stack frames
</div> <!-- stack-trace -->
                </div> <!-- method-content -->
              </div> <!-- method -->
              <div class="method">
                <div class="method-content">
                  <a name="userManage(username, LZD1, fullname, liuzhidan , email, 279879153@QQ.com)">
                  </a> <!-- userManage(username, LZD1, fullname, liuzhidan , email, 279879153@QQ.com) -->
                  <span class="method-name">userManage</span>
                  <span class="parameters">(username, LZD1, fullname, liuzhidan , email, 279879153@QQ.com)</span>
                  <div class="stack-trace">org.openqa.selenium.NoSuchElementException: Unable to locate element: //div[text()=&apos;用户创建成功&apos;]
For documentation on this error, please visit: https://www.seleniumhq.org/exceptions/no_such_element.html
Build info: version: &apos;3.141.59&apos;, revision: &apos;e82be7d358&apos;, time: &apos;2018-11-14T08:25:53&apos;
System info: host: &apos;DESKTOP-PL1AI9U&apos;, ip: &apos;192.168.43.193&apos;, os.name: &apos;Windows 10&apos;, os.arch: &apos;amd64&apos;, os.version: &apos;10.0&apos;, java.version: &apos;1.8.0_231&apos;
Driver info: org.openqa.selenium.firefox.FirefoxDriver
Capabilities {acceptInsecureCerts: true, browserName: firefox, browserVersion: 83.0, javascriptEnabled: true, moz:accessibilityChecks: false, moz:buildID: 20201112153044, moz:geckodriverVersion: 0.24.0, moz:headless: false, moz:processID: 18956, moz:profile: C:\Users\dell\AppData\Local..., moz:shutdownTimeout: 60000, moz:useNonSpecCompliantPointerOrigin: false, moz:webdriverClick: true, pageLoadStrategy: normal, platform: WINDOWS, platformName: WINDOWS, platformVersion: 10.0, rotatable: false, setWindowRect: true, strictFileInteractability: false, timeouts: {implicit: 0, pageLoad: 300000, script: 30000}, unhandledPromptBehavior: dismiss and notify}
Session ID: ecd47e51-e314-4f08-aea0-35a9c0620e87
*** Element info: {Using=xpath, value=//div[text()=&apos;用户创建成功&apos;]}
	at org.openqa.selenium.remote.http.W3CHttpResponseCodec.createException(W3CHttpResponseCodec.java:187)
	at org.openqa.selenium.remote.http.W3CHttpResponseCodec.decode(W3CHttpResponseCodec.java:122)
	at org.openqa.selenium.remote.http.W3CHttpResponseCodec.decode(W3CHttpResponseCodec.java:49)
	at org.openqa.selenium.remote.HttpCommandExecutor.execute(HttpCommandExecutor.java:158)
	at org.openqa.selenium.remote.service.DriverCommandExecutor.execute(DriverCommandExecutor.java:83)
	at org.openqa.selenium.remote.RemoteWebDriver.execute(RemoteWebDriver.java:552)
	at org.openqa.selenium.remote.RemoteWebDriver.findElement(RemoteWebDriver.java:323)
	at org.openqa.selenium.remote.RemoteWebDriver.findElementByXPath(RemoteWebDriver.java:428)
	at org.openqa.selenium.By$ByXPath.findElement(By.java:353)
	at org.openqa.selenium.remote.RemoteWebDriver.findElement(RemoteWebDriver.java:315)
	at tests.Main_Test.userManage(Unknown Source)
	at java.util.ArrayList.forEach(ArrayList.java:1257)
... Removed 30 stack frames
</div> <!-- stack-trace -->
                </div> <!-- method-content -->
              </div> <!-- method -->
              <div class="method">
                <div class="method-content">
                  <a name="userManage(username, LZD5, fullname, liuzhidan , email, 2.79879155E8)">
                  </a> <!-- userManage(username, LZD5, fullname, liuzhidan , email, 2.79879155E8) -->
                  <span class="method-name">userManage</span>
                  <span class="parameters">(username, LZD5, fullname, liuzhidan , email, 2.79879155E8)</span>
                  <div class="stack-trace">org.openqa.selenium.NoSuchElementException: Unable to locate element: //div[text()=&apos;用户创建成功&apos;]
For documentation on this error, please visit: https://www.seleniumhq.org/exceptions/no_such_element.html
Build info: version: &apos;3.141.59&apos;, revision: &apos;e82be7d358&apos;, time: &apos;2018-11-14T08:25:53&apos;
System info: host: &apos;DESKTOP-PL1AI9U&apos;, ip: &apos;192.168.43.193&apos;, os.name: &apos;Windows 10&apos;, os.arch: &apos;amd64&apos;, os.version: &apos;10.0&apos;, java.version: &apos;1.8.0_231&apos;
Driver info: org.openqa.selenium.firefox.FirefoxDriver
Capabilities {acceptInsecureCerts: true, browserName: firefox, browserVersion: 83.0, javascriptEnabled: true, moz:accessibilityChecks: false, moz:buildID: 20201112153044, moz:geckodriverVersion: 0.24.0, moz:headless: false, moz:processID: 18956, moz:profile: C:\Users\dell\AppData\Local..., moz:shutdownTimeout: 60000, moz:useNonSpecCompliantPointerOrigin: false, moz:webdriverClick: true, pageLoadStrategy: normal, platform: WINDOWS, platformName: WINDOWS, platformVersion: 10.0, rotatable: false, setWindowRect: true, strictFileInteractability: false, timeouts: {implicit: 0, pageLoad: 300000, script: 30000}, unhandledPromptBehavior: dismiss and notify}
Session ID: ecd47e51-e314-4f08-aea0-35a9c0620e87
*** Element info: {Using=xpath, value=//div[text()=&apos;用户创建成功&apos;]}
	at org.openqa.selenium.remote.http.W3CHttpResponseCodec.createException(W3CHttpResponseCodec.java:187)
	at org.openqa.selenium.remote.http.W3CHttpResponseCodec.decode(W3CHttpResponseCodec.java:122)
	at org.openqa.selenium.remote.http.W3CHttpResponseCodec.decode(W3CHttpResponseCodec.java:49)
	at org.openqa.selenium.remote.HttpCommandExecutor.execute(HttpCommandExecutor.java:158)
	at org.openqa.selenium.remote.service.DriverCommandExecutor.execute(DriverCommandExecutor.java:83)
	at org.openqa.selenium.remote.RemoteWebDriver.execute(RemoteWebDriver.java:552)
	at org.openqa.selenium.remote.RemoteWebDriver.findElement(RemoteWebDriver.java:323)
	at org.openqa.selenium.remote.RemoteWebDriver.findElementByXPath(RemoteWebDriver.java:428)
	at org.openqa.selenium.By$ByXPath.findElement(By.java:353)
	at org.openqa.selenium.remote.RemoteWebDriver.findElement(RemoteWebDriver.java:315)
	at tests.Main_Test.userManage(Unknown Source)
	at java.util.ArrayList.forEach(ArrayList.java:1257)
... Removed 30 stack frames
</div> <!-- stack-trace -->
                </div> <!-- method-content -->
              </div> <!-- method -->
              <div class="method">
                <div class="method-content">
                  <a name="userManage(username, LZD2, fullname, liuzhidan , email, 279879153@QQ.com)">
                  </a> <!-- userManage(username, LZD2, fullname, liuzhidan , email, 279879153@QQ.com) -->
                  <span class="method-name">userManage</span>
                  <span class="parameters">(username, LZD2, fullname, liuzhidan , email, 279879153@QQ.com)</span>
                  <div class="stack-trace">org.openqa.selenium.NoSuchElementException: Unable to locate element: //div[text()=&apos;用户创建成功&apos;]
For documentation on this error, please visit: https://www.seleniumhq.org/exceptions/no_such_element.html
Build info: version: &apos;3.141.59&apos;, revision: &apos;e82be7d358&apos;, time: &apos;2018-11-14T08:25:53&apos;
System info: host: &apos;DESKTOP-PL1AI9U&apos;, ip: &apos;192.168.43.193&apos;, os.name: &apos;Windows 10&apos;, os.arch: &apos;amd64&apos;, os.version: &apos;10.0&apos;, java.version: &apos;1.8.0_231&apos;
Driver info: org.openqa.selenium.firefox.FirefoxDriver
Capabilities {acceptInsecureCerts: true, browserName: firefox, browserVersion: 83.0, javascriptEnabled: true, moz:accessibilityChecks: false, moz:buildID: 20201112153044, moz:geckodriverVersion: 0.24.0, moz:headless: false, moz:processID: 18956, moz:profile: C:\Users\dell\AppData\Local..., moz:shutdownTimeout: 60000, moz:useNonSpecCompliantPointerOrigin: false, moz:webdriverClick: true, pageLoadStrategy: normal, platform: WINDOWS, platformName: WINDOWS, platformVersion: 10.0, rotatable: false, setWindowRect: true, strictFileInteractability: false, timeouts: {implicit: 0, pageLoad: 300000, script: 30000}, unhandledPromptBehavior: dismiss and notify}
Session ID: ecd47e51-e314-4f08-aea0-35a9c0620e87
*** Element info: {Using=xpath, value=//div[text()=&apos;用户创建成功&apos;]}
	at org.openqa.selenium.remote.http.W3CHttpResponseCodec.createException(W3CHttpResponseCodec.java:187)
	at org.openqa.selenium.remote.http.W3CHttpResponseCodec.decode(W3CHttpResponseCodec.java:122)
	at org.openqa.selenium.remote.http.W3CHttpResponseCodec.decode(W3CHttpResponseCodec.java:49)
	at org.openqa.selenium.remote.HttpCommandExecutor.execute(HttpCommandExecutor.java:158)
	at org.openqa.selenium.remote.service.DriverCommandExecutor.execute(DriverCommandExecutor.java:83)
	at org.openqa.selenium.remote.RemoteWebDriver.execute(RemoteWebDriver.java:552)
	at org.openqa.selenium.remote.RemoteWebDriver.findElement(RemoteWebDriver.java:323)
	at org.openqa.selenium.remote.RemoteWebDriver.findElementByXPath(RemoteWebDriver.java:428)
	at org.openqa.selenium.By$ByXPath.findElement(By.java:353)
	at org.openqa.selenium.remote.RemoteWebDriver.findElement(RemoteWebDriver.java:315)
	at tests.Main_Test.userManage(Unknown Source)
	at java.util.ArrayList.forEach(ArrayList.java:1257)
... Removed 30 stack frames
</div> <!-- stack-trace -->
                </div> <!-- method-content -->
              </div> <!-- method -->
              <div class="method">
                <div class="method-content">
                  <a name="userManage(username, LZD3, fullname, liuzhidan , email, 27983@QQ.com)">
                  </a> <!-- userManage(username, LZD3, fullname, liuzhidan , email, 27983@QQ.com) -->
                  <span class="method-name">userManage</span>
                  <span class="parameters">(username, LZD3, fullname, liuzhidan , email, 27983@QQ.com)</span>
                  <div class="stack-trace">org.openqa.selenium.NoSuchElementException: Unable to locate element: //div[text()=&apos;用户创建成功&apos;]
For documentation on this error, please visit: https://www.seleniumhq.org/exceptions/no_such_element.html
Build info: version: &apos;3.141.59&apos;, revision: &apos;e82be7d358&apos;, time: &apos;2018-11-14T08:25:53&apos;
System info: host: &apos;DESKTOP-PL1AI9U&apos;, ip: &apos;192.168.43.193&apos;, os.name: &apos;Windows 10&apos;, os.arch: &apos;amd64&apos;, os.version: &apos;10.0&apos;, java.version: &apos;1.8.0_231&apos;
Driver info: org.openqa.selenium.firefox.FirefoxDriver
Capabilities {acceptInsecureCerts: true, browserName: firefox, browserVersion: 83.0, javascriptEnabled: true, moz:accessibilityChecks: false, moz:buildID: 20201112153044, moz:geckodriverVersion: 0.24.0, moz:headless: false, moz:processID: 18956, moz:profile: C:\Users\dell\AppData\Local..., moz:shutdownTimeout: 60000, moz:useNonSpecCompliantPointerOrigin: false, moz:webdriverClick: true, pageLoadStrategy: normal, platform: WINDOWS, platformName: WINDOWS, platformVersion: 10.0, rotatable: false, setWindowRect: true, strictFileInteractability: false, timeouts: {implicit: 0, pageLoad: 300000, script: 30000}, unhandledPromptBehavior: dismiss and notify}
Session ID: ecd47e51-e314-4f08-aea0-35a9c0620e87
*** Element info: {Using=xpath, value=//div[text()=&apos;用户创建成功&apos;]}
	at org.openqa.selenium.remote.http.W3CHttpResponseCodec.createException(W3CHttpResponseCodec.java:187)
	at org.openqa.selenium.remote.http.W3CHttpResponseCodec.decode(W3CHttpResponseCodec.java:122)
	at org.openqa.selenium.remote.http.W3CHttpResponseCodec.decode(W3CHttpResponseCodec.java:49)
	at org.openqa.selenium.remote.HttpCommandExecutor.execute(HttpCommandExecutor.java:158)
	at org.openqa.selenium.remote.service.DriverCommandExecutor.execute(DriverCommandExecutor.java:83)
	at org.openqa.selenium.remote.RemoteWebDriver.execute(RemoteWebDriver.java:552)
	at org.openqa.selenium.remote.RemoteWebDriver.findElement(RemoteWebDriver.java:323)
	at org.openqa.selenium.remote.RemoteWebDriver.findElementByXPath(RemoteWebDriver.java:428)
	at org.openqa.selenium.By$ByXPath.findElement(By.java:353)
	at org.openqa.selenium.remote.RemoteWebDriver.findElement(RemoteWebDriver.java:315)
	at tests.Main_Test.userManage(Unknown Source)
	at java.util.ArrayList.forEach(ArrayList.java:1257)
... Removed 30 stack frames
</div> <!-- stack-trace -->
                </div> <!-- method-content -->
              </div> <!-- method -->
              <div class="method">
                <div class="method-content">
                  <a name="userManage2(username, HUA10, fullname, liuzhidan , email, 279879161@QQ.com, password, LZD123..)">
                  </a> <!-- userManage2(username, HUA10, fullname, liuzhidan , email, 279879161@QQ.com, password, LZD123..) -->
                  <span class="method-name">userManage2</span>
                  <span class="parameters">(username, HUA10, fullname, liuzhidan , email, 279879161@QQ.com, password, LZD123..)</span>
                  <div class="stack-trace">org.openqa.selenium.NoSuchElementException: Unable to locate element: //div[text()=&apos;用户创建成功&apos;]
For documentation on this error, please visit: https://www.seleniumhq.org/exceptions/no_such_element.html
Build info: version: &apos;3.141.59&apos;, revision: &apos;e82be7d358&apos;, time: &apos;2018-11-14T08:25:53&apos;
System info: host: &apos;DESKTOP-PL1AI9U&apos;, ip: &apos;192.168.43.193&apos;, os.name: &apos;Windows 10&apos;, os.arch: &apos;amd64&apos;, os.version: &apos;10.0&apos;, java.version: &apos;1.8.0_231&apos;
Driver info: org.openqa.selenium.firefox.FirefoxDriver
Capabilities {acceptInsecureCerts: true, browserName: firefox, browserVersion: 83.0, javascriptEnabled: true, moz:accessibilityChecks: false, moz:buildID: 20201112153044, moz:geckodriverVersion: 0.24.0, moz:headless: false, moz:processID: 18956, moz:profile: C:\Users\dell\AppData\Local..., moz:shutdownTimeout: 60000, moz:useNonSpecCompliantPointerOrigin: false, moz:webdriverClick: true, pageLoadStrategy: normal, platform: WINDOWS, platformName: WINDOWS, platformVersion: 10.0, rotatable: false, setWindowRect: true, strictFileInteractability: false, timeouts: {implicit: 0, pageLoad: 300000, script: 30000}, unhandledPromptBehavior: dismiss and notify}
Session ID: ecd47e51-e314-4f08-aea0-35a9c0620e87
*** Element info: {Using=xpath, value=//div[text()=&apos;用户创建成功&apos;]}
	at org.openqa.selenium.remote.http.W3CHttpResponseCodec.createException(W3CHttpResponseCodec.java:187)
	at org.openqa.selenium.remote.http.W3CHttpResponseCodec.decode(W3CHttpResponseCodec.java:122)
	at org.openqa.selenium.remote.http.W3CHttpResponseCodec.decode(W3CHttpResponseCodec.java:49)
	at org.openqa.selenium.remote.HttpCommandExecutor.execute(HttpCommandExecutor.java:158)
	at org.openqa.selenium.remote.service.DriverCommandExecutor.execute(DriverCommandExecutor.java:83)
	at org.openqa.selenium.remote.RemoteWebDriver.execute(RemoteWebDriver.java:552)
	at org.openqa.selenium.remote.RemoteWebDriver.findElement(RemoteWebDriver.java:323)
	at org.openqa.selenium.remote.RemoteWebDriver.findElementByXPath(RemoteWebDriver.java:428)
	at org.openqa.selenium.By$ByXPath.findElement(By.java:353)
	at org.openqa.selenium.remote.RemoteWebDriver.findElement(RemoteWebDriver.java:315)
	at tests.Main_Test.userManage2(Unknown Source)
	at java.util.ArrayList.forEach(ArrayList.java:1257)
... Removed 29 stack frames
</div> <!-- stack-trace -->
                </div> <!-- method-content -->
              </div> <!-- method -->
              <div class="method">
                <div class="method-content">
                  <a name="userManage2(username, HUA9, fullname, liuzhidan , email, 279879160@QQ.com, password, LZDlzd12)">
                  </a> <!-- userManage2(username, HUA9, fullname, liuzhidan , email, 279879160@QQ.com, password, LZDlzd12) -->
                  <span class="method-name">userManage2</span>
                  <span class="parameters">(username, HUA9, fullname, liuzhidan , email, 279879160@QQ.com, password, LZDlzd12)</span>
                  <div class="stack-trace">org.openqa.selenium.NoSuchElementException: Unable to locate element: //div[text()=&apos;用户创建成功&apos;]
For documentation on this error, please visit: https://www.seleniumhq.org/exceptions/no_such_element.html
Build info: version: &apos;3.141.59&apos;, revision: &apos;e82be7d358&apos;, time: &apos;2018-11-14T08:25:53&apos;
System info: host: &apos;DESKTOP-PL1AI9U&apos;, ip: &apos;192.168.43.193&apos;, os.name: &apos;Windows 10&apos;, os.arch: &apos;amd64&apos;, os.version: &apos;10.0&apos;, java.version: &apos;1.8.0_231&apos;
Driver info: org.openqa.selenium.firefox.FirefoxDriver
Capabilities {acceptInsecureCerts: true, browserName: firefox, browserVersion: 83.0, javascriptEnabled: true, moz:accessibilityChecks: false, moz:buildID: 20201112153044, moz:geckodriverVersion: 0.24.0, moz:headless: false, moz:processID: 18956, moz:profile: C:\Users\dell\AppData\Local..., moz:shutdownTimeout: 60000, moz:useNonSpecCompliantPointerOrigin: false, moz:webdriverClick: true, pageLoadStrategy: normal, platform: WINDOWS, platformName: WINDOWS, platformVersion: 10.0, rotatable: false, setWindowRect: true, strictFileInteractability: false, timeouts: {implicit: 0, pageLoad: 300000, script: 30000}, unhandledPromptBehavior: dismiss and notify}
Session ID: ecd47e51-e314-4f08-aea0-35a9c0620e87
*** Element info: {Using=xpath, value=//div[text()=&apos;用户创建成功&apos;]}
	at org.openqa.selenium.remote.http.W3CHttpResponseCodec.createException(W3CHttpResponseCodec.java:187)
	at org.openqa.selenium.remote.http.W3CHttpResponseCodec.decode(W3CHttpResponseCodec.java:122)
	at org.openqa.selenium.remote.http.W3CHttpResponseCodec.decode(W3CHttpResponseCodec.java:49)
	at org.openqa.selenium.remote.HttpCommandExecutor.execute(HttpCommandExecutor.java:158)
	at org.openqa.selenium.remote.service.DriverCommandExecutor.execute(DriverCommandExecutor.java:83)
	at org.openqa.selenium.remote.RemoteWebDriver.execute(RemoteWebDriver.java:552)
	at org.openqa.selenium.remote.RemoteWebDriver.findElement(RemoteWebDriver.java:323)
	at org.openqa.selenium.remote.RemoteWebDriver.findElementByXPath(RemoteWebDriver.java:428)
	at org.openqa.selenium.By$ByXPath.findElement(By.java:353)
	at org.openqa.selenium.remote.RemoteWebDriver.findElement(RemoteWebDriver.java:315)
	at tests.Main_Test.userManage2(Unknown Source)
	at java.util.ArrayList.forEach(ArrayList.java:1257)
... Removed 29 stack frames
</div> <!-- stack-trace -->
                </div> <!-- method-content -->
              </div> <!-- method -->
              <div class="method">
                <div class="method-content">
                  <a name="userManage2(username, HUA4, fullname, liuzhidan , email, 279879156@QQ.com, password, lzdhcyaa)">
                  </a> <!-- userManage2(username, HUA4, fullname, liuzhidan , email, 279879156@QQ.com, password, lzdhcyaa) -->
                  <span class="method-name">userManage2</span>
                  <span class="parameters">(username, HUA4, fullname, liuzhidan , email, 279879156@QQ.com, password, lzdhcyaa)</span>
                  <div class="stack-trace">org.openqa.selenium.NoSuchElementException: Unable to locate element: //div[text()=&apos;用户创建成功&apos;]
For documentation on this error, please visit: https://www.seleniumhq.org/exceptions/no_such_element.html
Build info: version: &apos;3.141.59&apos;, revision: &apos;e82be7d358&apos;, time: &apos;2018-11-14T08:25:53&apos;
System info: host: &apos;DESKTOP-PL1AI9U&apos;, ip: &apos;192.168.43.193&apos;, os.name: &apos;Windows 10&apos;, os.arch: &apos;amd64&apos;, os.version: &apos;10.0&apos;, java.version: &apos;1.8.0_231&apos;
Driver info: org.openqa.selenium.firefox.FirefoxDriver
Capabilities {acceptInsecureCerts: true, browserName: firefox, browserVersion: 83.0, javascriptEnabled: true, moz:accessibilityChecks: false, moz:buildID: 20201112153044, moz:geckodriverVersion: 0.24.0, moz:headless: false, moz:processID: 18956, moz:profile: C:\Users\dell\AppData\Local..., moz:shutdownTimeout: 60000, moz:useNonSpecCompliantPointerOrigin: false, moz:webdriverClick: true, pageLoadStrategy: normal, platform: WINDOWS, platformName: WINDOWS, platformVersion: 10.0, rotatable: false, setWindowRect: true, strictFileInteractability: false, timeouts: {implicit: 0, pageLoad: 300000, script: 30000}, unhandledPromptBehavior: dismiss and notify}
Session ID: ecd47e51-e314-4f08-aea0-35a9c0620e87
*** Element info: {Using=xpath, value=//div[text()=&apos;用户创建成功&apos;]}
	at org.openqa.selenium.remote.http.W3CHttpResponseCodec.createException(W3CHttpResponseCodec.java:187)
	at org.openqa.selenium.remote.http.W3CHttpResponseCodec.decode(W3CHttpResponseCodec.java:122)
	at org.openqa.selenium.remote.http.W3CHttpResponseCodec.decode(W3CHttpResponseCodec.java:49)
	at org.openqa.selenium.remote.HttpCommandExecutor.execute(HttpCommandExecutor.java:158)
	at org.openqa.selenium.remote.service.DriverCommandExecutor.execute(DriverCommandExecutor.java:83)
	at org.openqa.selenium.remote.RemoteWebDriver.execute(RemoteWebDriver.java:552)
	at org.openqa.selenium.remote.RemoteWebDriver.findElement(RemoteWebDriver.java:323)
	at org.openqa.selenium.remote.RemoteWebDriver.findElementByXPath(RemoteWebDriver.java:428)
	at org.openqa.selenium.By$ByXPath.findElement(By.java:353)
	at org.openqa.selenium.remote.RemoteWebDriver.findElement(RemoteWebDriver.java:315)
	at tests.Main_Test.userManage2(Unknown Source)
	at java.util.ArrayList.forEach(ArrayList.java:1257)
... Removed 30 stack frames
</div> <!-- stack-trace -->
                </div> <!-- method-content -->
              </div> <!-- method -->
              <div class="method">
                <div class="method-content">
                  <a name="userManage2(username, HUA11, fullname, liuzhidan , email, 279879162@QQ.com, password, lzd123..)">
                  </a> <!-- userManage2(username, HUA11, fullname, liuzhidan , email, 279879162@QQ.com, password, lzd123..) -->
                  <span class="method-name">userManage2</span>
                  <span class="parameters">(username, HUA11, fullname, liuzhidan , email, 279879162@QQ.com, password, lzd123..)</span>
                  <div class="stack-trace">org.openqa.selenium.NoSuchElementException: Unable to locate element: //div[text()=&apos;用户创建成功&apos;]
For documentation on this error, please visit: https://www.seleniumhq.org/exceptions/no_such_element.html
Build info: version: &apos;3.141.59&apos;, revision: &apos;e82be7d358&apos;, time: &apos;2018-11-14T08:25:53&apos;
System info: host: &apos;DESKTOP-PL1AI9U&apos;, ip: &apos;192.168.43.193&apos;, os.name: &apos;Windows 10&apos;, os.arch: &apos;amd64&apos;, os.version: &apos;10.0&apos;, java.version: &apos;1.8.0_231&apos;
Driver info: org.openqa.selenium.firefox.FirefoxDriver
Capabilities {acceptInsecureCerts: true, browserName: firefox, browserVersion: 83.0, javascriptEnabled: true, moz:accessibilityChecks: false, moz:buildID: 20201112153044, moz:geckodriverVersion: 0.24.0, moz:headless: false, moz:processID: 18956, moz:profile: C:\Users\dell\AppData\Local..., moz:shutdownTimeout: 60000, moz:useNonSpecCompliantPointerOrigin: false, moz:webdriverClick: true, pageLoadStrategy: normal, platform: WINDOWS, platformName: WINDOWS, platformVersion: 10.0, rotatable: false, setWindowRect: true, strictFileInteractability: false, timeouts: {implicit: 0, pageLoad: 300000, script: 30000}, unhandledPromptBehavior: dismiss and notify}
Session ID: ecd47e51-e314-4f08-aea0-35a9c0620e87
*** Element info: {Using=xpath, value=//div[text()=&apos;用户创建成功&apos;]}
	at org.openqa.selenium.remote.http.W3CHttpResponseCodec.createException(W3CHttpResponseCodec.java:187)
	at org.openqa.selenium.remote.http.W3CHttpResponseCodec.decode(W3CHttpResponseCodec.java:122)
	at org.openqa.selenium.remote.http.W3CHttpResponseCodec.decode(W3CHttpResponseCodec.java:49)
	at org.openqa.selenium.remote.HttpCommandExecutor.execute(HttpCommandExecutor.java:158)
	at org.openqa.selenium.remote.service.DriverCommandExecutor.execute(DriverCommandExecutor.java:83)
	at org.openqa.selenium.remote.RemoteWebDriver.execute(RemoteWebDriver.java:552)
	at org.openqa.selenium.remote.RemoteWebDriver.findElement(RemoteWebDriver.java:323)
	at org.openqa.selenium.remote.RemoteWebDriver.findElementByXPath(RemoteWebDriver.java:428)
	at org.openqa.selenium.By$ByXPath.findElement(By.java:353)
	at org.openqa.selenium.remote.RemoteWebDriver.findElement(RemoteWebDriver.java:315)
	at tests.Main_Test.userManage2(Unknown Source)
	at java.util.ArrayList.forEach(ArrayList.java:1257)
... Removed 29 stack frames
</div> <!-- stack-trace -->
                </div> <!-- method-content -->
              </div> <!-- method -->
              <div class="method">
                <div class="method-content">
                  <a name="userManage2(username, HUA5, fullname, liuzhidan , email, 279879157@QQ.com, password, LZD12345)">
                  </a> <!-- userManage2(username, HUA5, fullname, liuzhidan , email, 279879157@QQ.com, password, LZD12345) -->
                  <span class="method-name">userManage2</span>
                  <span class="parameters">(username, HUA5, fullname, liuzhidan , email, 279879157@QQ.com, password, LZD12345)</span>
                  <div class="stack-trace">org.openqa.selenium.NoSuchElementException: Unable to locate element: //div[text()=&apos;用户创建成功&apos;]
For documentation on this error, please visit: https://www.seleniumhq.org/exceptions/no_such_element.html
Build info: version: &apos;3.141.59&apos;, revision: &apos;e82be7d358&apos;, time: &apos;2018-11-14T08:25:53&apos;
System info: host: &apos;DESKTOP-PL1AI9U&apos;, ip: &apos;192.168.43.193&apos;, os.name: &apos;Windows 10&apos;, os.arch: &apos;amd64&apos;, os.version: &apos;10.0&apos;, java.version: &apos;1.8.0_231&apos;
Driver info: org.openqa.selenium.firefox.FirefoxDriver
Capabilities {acceptInsecureCerts: true, browserName: firefox, browserVersion: 83.0, javascriptEnabled: true, moz:accessibilityChecks: false, moz:buildID: 20201112153044, moz:geckodriverVersion: 0.24.0, moz:headless: false, moz:processID: 18956, moz:profile: C:\Users\dell\AppData\Local..., moz:shutdownTimeout: 60000, moz:useNonSpecCompliantPointerOrigin: false, moz:webdriverClick: true, pageLoadStrategy: normal, platform: WINDOWS, platformName: WINDOWS, platformVersion: 10.0, rotatable: false, setWindowRect: true, strictFileInteractability: false, timeouts: {implicit: 0, pageLoad: 300000, script: 30000}, unhandledPromptBehavior: dismiss and notify}
Session ID: ecd47e51-e314-4f08-aea0-35a9c0620e87
*** Element info: {Using=xpath, value=//div[text()=&apos;用户创建成功&apos;]}
	at org.openqa.selenium.remote.http.W3CHttpResponseCodec.createException(W3CHttpResponseCodec.java:187)
	at org.openqa.selenium.remote.http.W3CHttpResponseCodec.decode(W3CHttpResponseCodec.java:122)
	at org.openqa.selenium.remote.http.W3CHttpResponseCodec.decode(W3CHttpResponseCodec.java:49)
	at org.openqa.selenium.remote.HttpCommandExecutor.execute(HttpCommandExecutor.java:158)
	at org.openqa.selenium.remote.service.DriverCommandExecutor.execute(DriverCommandExecutor.java:83)
	at org.openqa.selenium.remote.RemoteWebDriver.execute(RemoteWebDriver.java:552)
	at org.openqa.selenium.remote.RemoteWebDriver.findElement(RemoteWebDriver.java:323)
	at org.openqa.selenium.remote.RemoteWebDriver.findElementByXPath(RemoteWebDriver.java:428)
	at org.openqa.selenium.By$ByXPath.findElement(By.java:353)
	at org.openqa.selenium.remote.RemoteWebDriver.findElement(RemoteWebDriver.java:315)
	at tests.Main_Test.userManage2(Unknown Source)
	at java.util.ArrayList.forEach(ArrayList.java:1257)
... Removed 30 stack frames
</div> <!-- stack-trace -->
                </div> <!-- method-content -->
              </div> <!-- method -->
              <div class="method">
                <div class="method-content">
                  <a name="userManage2(username, HUA13, fullname, liuzhidan , email, 279879162@QQ.com, password, Lchdjshcjdhujchdushfusuhdi...)">
                  </a> <!-- userManage2(username, HUA13, fullname, liuzhidan , email, 279879162@QQ.com, password, Lchdjshcjdhujchdushfusuhdi...) -->
                  <span class="method-name">userManage2</span>
                  <span class="parameters">(username, HUA13, fullname, liuzhidan , email, 279879162@QQ.com, password, Lchdjshcjdhujchdushfusuhdisaihdisahf)</span>
                  <div class="stack-trace">org.openqa.selenium.NoSuchElementException: Unable to locate element: //div[text()=&apos;用户创建成功&apos;]
For documentation on this error, please visit: https://www.seleniumhq.org/exceptions/no_such_element.html
Build info: version: &apos;3.141.59&apos;, revision: &apos;e82be7d358&apos;, time: &apos;2018-11-14T08:25:53&apos;
System info: host: &apos;DESKTOP-PL1AI9U&apos;, ip: &apos;192.168.43.193&apos;, os.name: &apos;Windows 10&apos;, os.arch: &apos;amd64&apos;, os.version: &apos;10.0&apos;, java.version: &apos;1.8.0_231&apos;
Driver info: org.openqa.selenium.firefox.FirefoxDriver
Capabilities {acceptInsecureCerts: true, browserName: firefox, browserVersion: 83.0, javascriptEnabled: true, moz:accessibilityChecks: false, moz:buildID: 20201112153044, moz:geckodriverVersion: 0.24.0, moz:headless: false, moz:processID: 18956, moz:profile: C:\Users\dell\AppData\Local..., moz:shutdownTimeout: 60000, moz:useNonSpecCompliantPointerOrigin: false, moz:webdriverClick: true, pageLoadStrategy: normal, platform: WINDOWS, platformName: WINDOWS, platformVersion: 10.0, rotatable: false, setWindowRect: true, strictFileInteractability: false, timeouts: {implicit: 0, pageLoad: 300000, script: 30000}, unhandledPromptBehavior: dismiss and notify}
Session ID: ecd47e51-e314-4f08-aea0-35a9c0620e87
*** Element info: {Using=xpath, value=//div[text()=&apos;用户创建成功&apos;]}
	at org.openqa.selenium.remote.http.W3CHttpResponseCodec.createException(W3CHttpResponseCodec.java:187)
	at org.openqa.selenium.remote.http.W3CHttpResponseCodec.decode(W3CHttpResponseCodec.java:122)
	at org.openqa.selenium.remote.http.W3CHttpResponseCodec.decode(W3CHttpResponseCodec.java:49)
	at org.openqa.selenium.remote.HttpCommandExecutor.execute(HttpCommandExecutor.java:158)
	at org.openqa.selenium.remote.service.DriverCommandExecutor.execute(DriverCommandExecutor.java:83)
	at org.openqa.selenium.remote.RemoteWebDriver.execute(RemoteWebDriver.java:552)
	at org.openqa.selenium.remote.RemoteWebDriver.findElement(RemoteWebDriver.java:323)
	at org.openqa.selenium.remote.RemoteWebDriver.findElementByXPath(RemoteWebDriver.java:428)
	at org.openqa.selenium.By$ByXPath.findElement(By.java:353)
	at org.openqa.selenium.remote.RemoteWebDriver.findElement(RemoteWebDriver.java:315)
	at tests.Main_Test.userManage2(Unknown Source)
	at java.util.ArrayList.forEach(ArrayList.java:1257)
... Removed 29 stack frames
</div> <!-- stack-trace -->
                </div> <!-- method-content -->
              </div> <!-- method -->
              <div class="method">
                <div class="method-content">
                  <a name="userManage2(username, HUA1, fullname, liuzhidan , email, 279879153@QQ.com, password, 1234.0)">
                  </a> <!-- userManage2(username, HUA1, fullname, liuzhidan , email, 279879153@QQ.com, password, 1234.0) -->
                  <span class="method-name">userManage2</span>
                  <span class="parameters">(username, HUA1, fullname, liuzhidan , email, 279879153@QQ.com, password, 1234.0)</span>
                  <div class="stack-trace">org.openqa.selenium.NoSuchElementException: Unable to locate element: //div[text()=&apos;用户创建成功&apos;]
For documentation on this error, please visit: https://www.seleniumhq.org/exceptions/no_such_element.html
Build info: version: &apos;3.141.59&apos;, revision: &apos;e82be7d358&apos;, time: &apos;2018-11-14T08:25:53&apos;
System info: host: &apos;DESKTOP-PL1AI9U&apos;, ip: &apos;192.168.43.193&apos;, os.name: &apos;Windows 10&apos;, os.arch: &apos;amd64&apos;, os.version: &apos;10.0&apos;, java.version: &apos;1.8.0_231&apos;
Driver info: org.openqa.selenium.firefox.FirefoxDriver
Capabilities {acceptInsecureCerts: true, browserName: firefox, browserVersion: 83.0, javascriptEnabled: true, moz:accessibilityChecks: false, moz:buildID: 20201112153044, moz:geckodriverVersion: 0.24.0, moz:headless: false, moz:processID: 18956, moz:profile: C:\Users\dell\AppData\Local..., moz:shutdownTimeout: 60000, moz:useNonSpecCompliantPointerOrigin: false, moz:webdriverClick: true, pageLoadStrategy: normal, platform: WINDOWS, platformName: WINDOWS, platformVersion: 10.0, rotatable: false, setWindowRect: true, strictFileInteractability: false, timeouts: {implicit: 0, pageLoad: 300000, script: 30000}, unhandledPromptBehavior: dismiss and notify}
Session ID: ecd47e51-e314-4f08-aea0-35a9c0620e87
*** Element info: {Using=xpath, value=//div[text()=&apos;用户创建成功&apos;]}
	at org.openqa.selenium.remote.http.W3CHttpResponseCodec.createException(W3CHttpResponseCodec.java:187)
	at org.openqa.selenium.remote.http.W3CHttpResponseCodec.decode(W3CHttpResponseCodec.java:122)
	at org.openqa.selenium.remote.http.W3CHttpResponseCodec.decode(W3CHttpResponseCodec.java:49)
	at org.openqa.selenium.remote.HttpCommandExecutor.execute(HttpCommandExecutor.java:158)
	at org.openqa.selenium.remote.service.DriverCommandExecutor.execute(DriverCommandExecutor.java:83)
	at org.openqa.selenium.remote.RemoteWebDriver.execute(RemoteWebDriver.java:552)
	at org.openqa.selenium.remote.RemoteWebDriver.findElement(RemoteWebDriver.java:323)
	at org.openqa.selenium.remote.RemoteWebDriver.findElementByXPath(RemoteWebDriver.java:428)
	at org.openqa.selenium.By$ByXPath.findElement(By.java:353)
	at org.openqa.selenium.remote.RemoteWebDriver.findElement(RemoteWebDriver.java:315)
	at tests.Main_Test.userManage2(Unknown Source)
	at java.util.ArrayList.forEach(ArrayList.java:1257)
... Removed 30 stack frames
</div> <!-- stack-trace -->
                </div> <!-- method-content -->
              </div> <!-- method -->
              <div class="method">
                <div class="method-content">
                  <a name="userManage2(username, HUA7, fullname, liuzhidan , email, 279879159@QQ.com, password, LZDlzdaa)">
                  </a> <!-- userManage2(username, HUA7, fullname, liuzhidan , email, 279879159@QQ.com, password, LZDlzdaa) -->
                  <span class="method-name">userManage2</span>
                  <span class="parameters">(username, HUA7, fullname, liuzhidan , email, 279879159@QQ.com, password, LZDlzdaa)</span>
                  <div class="stack-trace">org.openqa.selenium.NoSuchElementException: Unable to locate element: //div[text()=&apos;用户创建成功&apos;]
For documentation on this error, please visit: https://www.seleniumhq.org/exceptions/no_such_element.html
Build info: version: &apos;3.141.59&apos;, revision: &apos;e82be7d358&apos;, time: &apos;2018-11-14T08:25:53&apos;
System info: host: &apos;DESKTOP-PL1AI9U&apos;, ip: &apos;192.168.43.193&apos;, os.name: &apos;Windows 10&apos;, os.arch: &apos;amd64&apos;, os.version: &apos;10.0&apos;, java.version: &apos;1.8.0_231&apos;
Driver info: org.openqa.selenium.firefox.FirefoxDriver
Capabilities {acceptInsecureCerts: true, browserName: firefox, browserVersion: 83.0, javascriptEnabled: true, moz:accessibilityChecks: false, moz:buildID: 20201112153044, moz:geckodriverVersion: 0.24.0, moz:headless: false, moz:processID: 18956, moz:profile: C:\Users\dell\AppData\Local..., moz:shutdownTimeout: 60000, moz:useNonSpecCompliantPointerOrigin: false, moz:webdriverClick: true, pageLoadStrategy: normal, platform: WINDOWS, platformName: WINDOWS, platformVersion: 10.0, rotatable: false, setWindowRect: true, strictFileInteractability: false, timeouts: {implicit: 0, pageLoad: 300000, script: 30000}, unhandledPromptBehavior: dismiss and notify}
Session ID: ecd47e51-e314-4f08-aea0-35a9c0620e87
*** Element info: {Using=xpath, value=//div[text()=&apos;用户创建成功&apos;]}
	at org.openqa.selenium.remote.http.W3CHttpResponseCodec.createException(W3CHttpResponseCodec.java:187)
	at org.openqa.selenium.remote.http.W3CHttpResponseCodec.decode(W3CHttpResponseCodec.java:122)
	at org.openqa.selenium.remote.http.W3CHttpResponseCodec.decode(W3CHttpResponseCodec.java:49)
	at org.openqa.selenium.remote.HttpCommandExecutor.execute(HttpCommandExecutor.java:158)
	at org.openqa.selenium.remote.service.DriverCommandExecutor.execute(DriverCommandExecutor.java:83)
	at org.openqa.selenium.remote.RemoteWebDriver.execute(RemoteWebDriver.java:552)
	at org.openqa.selenium.remote.RemoteWebDriver.findElement(RemoteWebDriver.java:323)
	at org.openqa.selenium.remote.RemoteWebDriver.findElementByXPath(RemoteWebDriver.java:428)
	at org.openqa.selenium.By$ByXPath.findElement(By.java:353)
	at org.openqa.selenium.remote.RemoteWebDriver.findElement(RemoteWebDriver.java:315)
	at tests.Main_Test.userManage2(Unknown Source)
	at java.util.ArrayList.forEach(ArrayList.java:1257)
... Removed 30 stack frames
</div> <!-- stack-trace -->
                </div> <!-- method-content -->
              </div> <!-- method -->
              <div class="method">
                <div class="method-content">
                  <a name="userManage2(username, HUA3, fullname, liuzhidan , email, 279879155@QQ.com, password, LZDHCYAA)">
                  </a> <!-- userManage2(username, HUA3, fullname, liuzhidan , email, 279879155@QQ.com, password, LZDHCYAA) -->
                  <span class="method-name">userManage2</span>
                  <span class="parameters">(username, HUA3, fullname, liuzhidan , email, 279879155@QQ.com, password, LZDHCYAA)</span>
                  <div class="stack-trace">org.openqa.selenium.NoSuchElementException: Unable to locate element: //div[text()=&apos;用户创建成功&apos;]
For documentation on this error, please visit: https://www.seleniumhq.org/exceptions/no_such_element.html
Build info: version: &apos;3.141.59&apos;, revision: &apos;e82be7d358&apos;, time: &apos;2018-11-14T08:25:53&apos;
System info: host: &apos;DESKTOP-PL1AI9U&apos;, ip: &apos;192.168.43.193&apos;, os.name: &apos;Windows 10&apos;, os.arch: &apos;amd64&apos;, os.version: &apos;10.0&apos;, java.version: &apos;1.8.0_231&apos;
Driver info: org.openqa.selenium.firefox.FirefoxDriver
Capabilities {acceptInsecureCerts: true, browserName: firefox, browserVersion: 83.0, javascriptEnabled: true, moz:accessibilityChecks: false, moz:buildID: 20201112153044, moz:geckodriverVersion: 0.24.0, moz:headless: false, moz:processID: 18956, moz:profile: C:\Users\dell\AppData\Local..., moz:shutdownTimeout: 60000, moz:useNonSpecCompliantPointerOrigin: false, moz:webdriverClick: true, pageLoadStrategy: normal, platform: WINDOWS, platformName: WINDOWS, platformVersion: 10.0, rotatable: false, setWindowRect: true, strictFileInteractability: false, timeouts: {implicit: 0, pageLoad: 300000, script: 30000}, unhandledPromptBehavior: dismiss and notify}
Session ID: ecd47e51-e314-4f08-aea0-35a9c0620e87
*** Element info: {Using=xpath, value=//div[text()=&apos;用户创建成功&apos;]}
	at org.openqa.selenium.remote.http.W3CHttpResponseCodec.createException(W3CHttpResponseCodec.java:187)
	at org.openqa.selenium.remote.http.W3CHttpResponseCodec.decode(W3CHttpResponseCodec.java:122)
	at org.openqa.selenium.remote.http.W3CHttpResponseCodec.decode(W3CHttpResponseCodec.java:49)
	at org.openqa.selenium.remote.HttpCommandExecutor.execute(HttpCommandExecutor.java:158)
	at org.openqa.selenium.remote.service.DriverCommandExecutor.execute(DriverCommandExecutor.java:83)
	at org.openqa.selenium.remote.RemoteWebDriver.execute(RemoteWebDriver.java:552)
	at org.openqa.selenium.remote.RemoteWebDriver.findElement(RemoteWebDriver.java:323)
	at org.openqa.selenium.remote.RemoteWebDriver.findElementByXPath(RemoteWebDriver.java:428)
	at org.openqa.selenium.By$ByXPath.findElement(By.java:353)
	at org.openqa.selenium.remote.RemoteWebDriver.findElement(RemoteWebDriver.java:315)
	at tests.Main_Test.userManage2(Unknown Source)
	at java.util.ArrayList.forEach(ArrayList.java:1257)
... Removed 30 stack frames
</div> <!-- stack-trace -->
                </div> <!-- method-content -->
              </div> <!-- method -->
              <div class="method">
                <div class="method-content">
                  <a name="userManage2(username, HUA2, fullname, liuzhidan , email, 279879154@QQ.com, password, 1.2345678E7)">
                  </a> <!-- userManage2(username, HUA2, fullname, liuzhidan , email, 279879154@QQ.com, password, 1.2345678E7) -->
                  <span class="method-name">userManage2</span>
                  <span class="parameters">(username, HUA2, fullname, liuzhidan , email, 279879154@QQ.com, password, 1.2345678E7)</span>
                  <div class="stack-trace">org.openqa.selenium.NoSuchElementException: Unable to locate element: //div[text()=&apos;用户创建成功&apos;]
For documentation on this error, please visit: https://www.seleniumhq.org/exceptions/no_such_element.html
Build info: version: &apos;3.141.59&apos;, revision: &apos;e82be7d358&apos;, time: &apos;2018-11-14T08:25:53&apos;
System info: host: &apos;DESKTOP-PL1AI9U&apos;, ip: &apos;192.168.43.193&apos;, os.name: &apos;Windows 10&apos;, os.arch: &apos;amd64&apos;, os.version: &apos;10.0&apos;, java.version: &apos;1.8.0_231&apos;
Driver info: org.openqa.selenium.firefox.FirefoxDriver
Capabilities {acceptInsecureCerts: true, browserName: firefox, browserVersion: 83.0, javascriptEnabled: true, moz:accessibilityChecks: false, moz:buildID: 20201112153044, moz:geckodriverVersion: 0.24.0, moz:headless: false, moz:processID: 18956, moz:profile: C:\Users\dell\AppData\Local..., moz:shutdownTimeout: 60000, moz:useNonSpecCompliantPointerOrigin: false, moz:webdriverClick: true, pageLoadStrategy: normal, platform: WINDOWS, platformName: WINDOWS, platformVersion: 10.0, rotatable: false, setWindowRect: true, strictFileInteractability: false, timeouts: {implicit: 0, pageLoad: 300000, script: 30000}, unhandledPromptBehavior: dismiss and notify}
Session ID: ecd47e51-e314-4f08-aea0-35a9c0620e87
*** Element info: {Using=xpath, value=//div[text()=&apos;用户创建成功&apos;]}
	at org.openqa.selenium.remote.http.W3CHttpResponseCodec.createException(W3CHttpResponseCodec.java:187)
	at org.openqa.selenium.remote.http.W3CHttpResponseCodec.decode(W3CHttpResponseCodec.java:122)
	at org.openqa.selenium.remote.http.W3CHttpResponseCodec.decode(W3CHttpResponseCodec.java:49)
	at org.openqa.selenium.remote.HttpCommandExecutor.execute(HttpCommandExecutor.java:158)
	at org.openqa.selenium.remote.service.DriverCommandExecutor.execute(DriverCommandExecutor.java:83)
	at org.openqa.selenium.remote.RemoteWebDriver.execute(RemoteWebDriver.java:552)
	at org.openqa.selenium.remote.RemoteWebDriver.findElement(RemoteWebDriver.java:323)
	at org.openqa.selenium.remote.RemoteWebDriver.findElementByXPath(RemoteWebDriver.java:428)
	at org.openqa.selenium.By$ByXPath.findElement(By.java:353)
	at org.openqa.selenium.remote.RemoteWebDriver.findElement(RemoteWebDriver.java:315)
	at tests.Main_Test.userManage2(Unknown Source)
	at java.util.ArrayList.forEach(ArrayList.java:1257)
... Removed 30 stack frames
</div> <!-- stack-trace -->
                </div> <!-- method-content -->
              </div> <!-- method -->
              <div class="method">
                <div class="method-content">
                  <a name="userManage2(username, HUA12, fullname, liuzhidan , email, 279879162@QQ.com, password, Lzd123..)">
                  </a> <!-- userManage2(username, HUA12, fullname, liuzhidan , email, 279879162@QQ.com, password, Lzd123..) -->
                  <span class="method-name">userManage2</span>
                  <span class="parameters">(username, HUA12, fullname, liuzhidan , email, 279879162@QQ.com, password, Lzd123..)</span>
                  <div class="stack-trace">org.openqa.selenium.NoSuchElementException: Unable to locate element: //div[text()=&apos;用户创建成功&apos;]
For documentation on this error, please visit: https://www.seleniumhq.org/exceptions/no_such_element.html
Build info: version: &apos;3.141.59&apos;, revision: &apos;e82be7d358&apos;, time: &apos;2018-11-14T08:25:53&apos;
System info: host: &apos;DESKTOP-PL1AI9U&apos;, ip: &apos;192.168.43.193&apos;, os.name: &apos;Windows 10&apos;, os.arch: &apos;amd64&apos;, os.version: &apos;10.0&apos;, java.version: &apos;1.8.0_231&apos;
Driver info: org.openqa.selenium.firefox.FirefoxDriver
Capabilities {acceptInsecureCerts: true, browserName: firefox, browserVersion: 83.0, javascriptEnabled: true, moz:accessibilityChecks: false, moz:buildID: 20201112153044, moz:geckodriverVersion: 0.24.0, moz:headless: false, moz:processID: 18956, moz:profile: C:\Users\dell\AppData\Local..., moz:shutdownTimeout: 60000, moz:useNonSpecCompliantPointerOrigin: false, moz:webdriverClick: true, pageLoadStrategy: normal, platform: WINDOWS, platformName: WINDOWS, platformVersion: 10.0, rotatable: false, setWindowRect: true, strictFileInteractability: false, timeouts: {implicit: 0, pageLoad: 300000, script: 30000}, unhandledPromptBehavior: dismiss and notify}
Session ID: ecd47e51-e314-4f08-aea0-35a9c0620e87
*** Element info: {Using=xpath, value=//div[text()=&apos;用户创建成功&apos;]}
	at org.openqa.selenium.remote.http.W3CHttpResponseCodec.createException(W3CHttpResponseCodec.java:187)
	at org.openqa.selenium.remote.http.W3CHttpResponseCodec.decode(W3CHttpResponseCodec.java:122)
	at org.openqa.selenium.remote.http.W3CHttpResponseCodec.decode(W3CHttpResponseCodec.java:49)
	at org.openqa.selenium.remote.HttpCommandExecutor.execute(HttpCommandExecutor.java:158)
	at org.openqa.selenium.remote.service.DriverCommandExecutor.execute(DriverCommandExecutor.java:83)
	at org.openqa.selenium.remote.RemoteWebDriver.execute(RemoteWebDriver.java:552)
	at org.openqa.selenium.remote.RemoteWebDriver.findElement(RemoteWebDriver.java:323)
	at org.openqa.selenium.remote.RemoteWebDriver.findElementByXPath(RemoteWebDriver.java:428)
	at org.openqa.selenium.By$ByXPath.findElement(By.java:353)
	at org.openqa.selenium.remote.RemoteWebDriver.findElement(RemoteWebDriver.java:315)
	at tests.Main_Test.userManage2(Unknown Source)
	at java.util.ArrayList.forEach(ArrayList.java:1257)
... Removed 29 stack frames
</div> <!-- stack-trace -->
                </div> <!-- method-content -->
              </div> <!-- method -->
              <div class="method">
                <div class="method-content">
                  <a name="userManage2(username, HUA6, fullname, liuzhidan , email, 279879158@QQ.com, password, lzd12345)">
                  </a> <!-- userManage2(username, HUA6, fullname, liuzhidan , email, 279879158@QQ.com, password, lzd12345) -->
                  <span class="method-name">userManage2</span>
                  <span class="parameters">(username, HUA6, fullname, liuzhidan , email, 279879158@QQ.com, password, lzd12345)</span>
                  <div class="stack-trace">org.openqa.selenium.NoSuchElementException: Unable to locate element: //div[text()=&apos;用户创建成功&apos;]
For documentation on this error, please visit: https://www.seleniumhq.org/exceptions/no_such_element.html
Build info: version: &apos;3.141.59&apos;, revision: &apos;e82be7d358&apos;, time: &apos;2018-11-14T08:25:53&apos;
System info: host: &apos;DESKTOP-PL1AI9U&apos;, ip: &apos;192.168.43.193&apos;, os.name: &apos;Windows 10&apos;, os.arch: &apos;amd64&apos;, os.version: &apos;10.0&apos;, java.version: &apos;1.8.0_231&apos;
Driver info: org.openqa.selenium.firefox.FirefoxDriver
Capabilities {acceptInsecureCerts: true, browserName: firefox, browserVersion: 83.0, javascriptEnabled: true, moz:accessibilityChecks: false, moz:buildID: 20201112153044, moz:geckodriverVersion: 0.24.0, moz:headless: false, moz:processID: 18956, moz:profile: C:\Users\dell\AppData\Local..., moz:shutdownTimeout: 60000, moz:useNonSpecCompliantPointerOrigin: false, moz:webdriverClick: true, pageLoadStrategy: normal, platform: WINDOWS, platformName: WINDOWS, platformVersion: 10.0, rotatable: false, setWindowRect: true, strictFileInteractability: false, timeouts: {implicit: 0, pageLoad: 300000, script: 30000}, unhandledPromptBehavior: dismiss and notify}
Session ID: ecd47e51-e314-4f08-aea0-35a9c0620e87
*** Element info: {Using=xpath, value=//div[text()=&apos;用户创建成功&apos;]}
	at org.openqa.selenium.remote.http.W3CHttpResponseCodec.createException(W3CHttpResponseCodec.java:187)
	at org.openqa.selenium.remote.http.W3CHttpResponseCodec.decode(W3CHttpResponseCodec.java:122)
	at org.openqa.selenium.remote.http.W3CHttpResponseCodec.decode(W3CHttpResponseCodec.java:49)
	at org.openqa.selenium.remote.HttpCommandExecutor.execute(HttpCommandExecutor.java:158)
	at org.openqa.selenium.remote.service.DriverCommandExecutor.execute(DriverCommandExecutor.java:83)
	at org.openqa.selenium.remote.RemoteWebDriver.execute(RemoteWebDriver.java:552)
	at org.openqa.selenium.remote.RemoteWebDriver.findElement(RemoteWebDriver.java:323)
	at org.openqa.selenium.remote.RemoteWebDriver.findElementByXPath(RemoteWebDriver.java:428)
	at org.openqa.selenium.By$ByXPath.findElement(By.java:353)
	at org.openqa.selenium.remote.RemoteWebDriver.findElement(RemoteWebDriver.java:315)
	at tests.Main_Test.userManage2(Unknown Source)
	at java.util.ArrayList.forEach(ArrayList.java:1257)
... Removed 30 stack frames
</div> <!-- stack-trace -->
                </div> <!-- method-content -->
              </div> <!-- method -->
            </div> <!-- main-panel-content rounded-window-bottom -->
          </div> <!-- suite-Suite1-class-failed -->
          <div class="suite-Suite1-class-failed">
            <div class="main-panel-header rounded-window-top">
              <img src="failed.png"/>
              <span class="class-name">tests.NaddUserGroup_Test</span>
            </div> <!-- main-panel-header rounded-window-top -->
            <div class="main-panel-content rounded-window-bottom">
              <div class="method">
                <div class="method-content">
                  <a name="createUserGroup(usergroup, 用户组, description, 测试用户组名是不是可以重复)">
                  </a> <!-- createUserGroup(usergroup, 用户组, description, 测试用户组名是不是可以重复) -->
                  <span class="method-name">createUserGroup</span>
                  <span class="parameters">(usergroup, 用户组, description, 测试用户组名是不是可以重复)</span>
                  <div class="stack-trace">org.openqa.selenium.NoSuchElementException: Unable to locate element: //div[text()=&apos;用户组添加成功！&apos;]
For documentation on this error, please visit: https://www.seleniumhq.org/exceptions/no_such_element.html
Build info: version: &apos;3.141.59&apos;, revision: &apos;e82be7d358&apos;, time: &apos;2018-11-14T08:25:53&apos;
System info: host: &apos;DESKTOP-PL1AI9U&apos;, ip: &apos;192.168.43.193&apos;, os.name: &apos;Windows 10&apos;, os.arch: &apos;amd64&apos;, os.version: &apos;10.0&apos;, java.version: &apos;1.8.0_231&apos;
Driver info: org.openqa.selenium.firefox.FirefoxDriver
Capabilities {acceptInsecureCerts: true, browserName: firefox, browserVersion: 83.0, javascriptEnabled: true, moz:accessibilityChecks: false, moz:buildID: 20201112153044, moz:geckodriverVersion: 0.24.0, moz:headless: false, moz:processID: 6096, moz:profile: C:\Users\dell\AppData\Local..., moz:shutdownTimeout: 60000, moz:useNonSpecCompliantPointerOrigin: false, moz:webdriverClick: true, pageLoadStrategy: normal, platform: WINDOWS, platformName: WINDOWS, platformVersion: 10.0, rotatable: false, setWindowRect: true, strictFileInteractability: false, timeouts: {implicit: 0, pageLoad: 300000, script: 30000}, unhandledPromptBehavior: dismiss and notify}
Session ID: e6520e1d-0ac6-484d-91d6-4c9d6ec06983
*** Element info: {Using=xpath, value=//div[text()=&apos;用户组添加成功！&apos;]}
	at org.openqa.selenium.remote.http.W3CHttpResponseCodec.createException(W3CHttpResponseCodec.java:187)
	at org.openqa.selenium.remote.http.W3CHttpResponseCodec.decode(W3CHttpResponseCodec.java:122)
	at org.openqa.selenium.remote.http.W3CHttpResponseCodec.decode(W3CHttpResponseCodec.java:49)
	at org.openqa.selenium.remote.HttpCommandExecutor.execute(HttpCommandExecutor.java:158)
	at org.openqa.selenium.remote.service.DriverCommandExecutor.execute(DriverCommandExecutor.java:83)
	at org.openqa.selenium.remote.RemoteWebDriver.execute(RemoteWebDriver.java:552)
	at org.openqa.selenium.remote.RemoteWebDriver.findElement(RemoteWebDriver.java:323)
	at org.openqa.selenium.remote.RemoteWebDriver.findElementByXPath(RemoteWebDriver.java:428)
	at org.openqa.selenium.By$ByXPath.findElement(By.java:353)
	at org.openqa.selenium.remote.RemoteWebDriver.findElement(RemoteWebDriver.java:315)
	at tests.NaddUserGroup_Test.createUserGroup(Unknown Source)
	at java.util.ArrayList.forEach(ArrayList.java:1257)
... Removed 29 stack frames
</div> <!-- stack-trace -->
                </div> <!-- method-content -->
              </div> <!-- method -->
              <div class="method">
                <div class="method-content">
                  <a name="createUserGroup2(usergroup, hehehe, description, 测试不填用户组名字是否可以创建成功)">
                  </a> <!-- createUserGroup2(usergroup, hehehe, description, 测试不填用户组名字是否可以创建成功) -->
                  <span class="method-name">createUserGroup2</span>
                  <span class="parameters">(usergroup, hehehe, description, 测试不填用户组名字是否可以创建成功)</span>
                  <div class="stack-trace">org.openqa.selenium.NoSuchElementException: Unable to locate element: //div[text()=&apos;用户组添加成功！&apos;]
For documentation on this error, please visit: https://www.seleniumhq.org/exceptions/no_such_element.html
Build info: version: &apos;3.141.59&apos;, revision: &apos;e82be7d358&apos;, time: &apos;2018-11-14T08:25:53&apos;
System info: host: &apos;DESKTOP-PL1AI9U&apos;, ip: &apos;192.168.43.193&apos;, os.name: &apos;Windows 10&apos;, os.arch: &apos;amd64&apos;, os.version: &apos;10.0&apos;, java.version: &apos;1.8.0_231&apos;
Driver info: org.openqa.selenium.firefox.FirefoxDriver
Capabilities {acceptInsecureCerts: true, browserName: firefox, browserVersion: 83.0, javascriptEnabled: true, moz:accessibilityChecks: false, moz:buildID: 20201112153044, moz:geckodriverVersion: 0.24.0, moz:headless: false, moz:processID: 6096, moz:profile: C:\Users\dell\AppData\Local..., moz:shutdownTimeout: 60000, moz:useNonSpecCompliantPointerOrigin: false, moz:webdriverClick: true, pageLoadStrategy: normal, platform: WINDOWS, platformName: WINDOWS, platformVersion: 10.0, rotatable: false, setWindowRect: true, strictFileInteractability: false, timeouts: {implicit: 0, pageLoad: 300000, script: 30000}, unhandledPromptBehavior: dismiss and notify}
Session ID: e6520e1d-0ac6-484d-91d6-4c9d6ec06983
*** Element info: {Using=xpath, value=//div[text()=&apos;用户组添加成功！&apos;]}
	at org.openqa.selenium.remote.http.W3CHttpResponseCodec.createException(W3CHttpResponseCodec.java:187)
	at org.openqa.selenium.remote.http.W3CHttpResponseCodec.decode(W3CHttpResponseCodec.java:122)
	at org.openqa.selenium.remote.http.W3CHttpResponseCodec.decode(W3CHttpResponseCodec.java:49)
	at org.openqa.selenium.remote.HttpCommandExecutor.execute(HttpCommandExecutor.java:158)
	at org.openqa.selenium.remote.service.DriverCommandExecutor.execute(DriverCommandExecutor.java:83)
	at org.openqa.selenium.remote.RemoteWebDriver.execute(RemoteWebDriver.java:552)
	at org.openqa.selenium.remote.RemoteWebDriver.findElement(RemoteWebDriver.java:323)
	at org.openqa.selenium.remote.RemoteWebDriver.findElementByXPath(RemoteWebDriver.java:428)
	at org.openqa.selenium.By$ByXPath.findElement(By.java:353)
	at org.openqa.selenium.remote.RemoteWebDriver.findElement(RemoteWebDriver.java:315)
	at tests.NaddUserGroup_Test.createUserGroup2(Unknown Source)
	at java.util.ArrayList.forEach(ArrayList.java:1257)
... Removed 29 stack frames
</div> <!-- stack-trace -->
                </div> <!-- method-content -->
              </div> <!-- method -->
            </div> <!-- main-panel-content rounded-window-bottom -->
          </div> <!-- suite-Suite1-class-failed -->
          <div class="suite-Suite1-class-passed">
            <div class="main-panel-header rounded-window-top">
              <img src="passed.png"/>
              <span class="class-name">tests.Role_Test</span>
            </div> <!-- main-panel-header rounded-window-top -->
            <div class="main-panel-content rounded-window-bottom">
              <div class="method">
                <div class="method-content">
                  <a name="createUserRole(role, 角色, description, 测试角色名是不是可以是纯中文)">
                  </a> <!-- createUserRole(role, 角色, description, 测试角色名是不是可以是纯中文) -->
                  <span class="method-name">createUserRole</span>
                  <span class="parameters">(role, 角色, description, 测试角色名是不是可以是纯中文)</span>
                </div> <!-- method-content -->
              </div> <!-- method -->
              <div class="method">
                <div class="method-content">
                  <a name="createUserRole(role, A, description, 测试角色名最短可以是多短)">
                  </a> <!-- createUserRole(role, A, description, 测试角色名最短可以是多短) -->
                  <span class="method-name">createUserRole</span>
                  <span class="parameters">(role, A, description, 测试角色名最短可以是多短)</span>
                </div> <!-- method-content -->
              </div> <!-- method -->
              <div class="method">
                <div class="method-content">
                  <a name="createUserRole(role, role, description, 测试角色名是不是可以是纯英文)">
                  </a> <!-- createUserRole(role, role, description, 测试角色名是不是可以是纯英文) -->
                  <span class="method-name">createUserRole</span>
                  <span class="parameters">(role, role, description, 测试角色名是不是可以是纯英文)</span>
                </div> <!-- method-content -->
              </div> <!-- method -->
              <div class="method">
                <div class="method-content">
                  <a name="createUserRole(role, !!@#$, description, 测试角色名是不是可以是特殊符号)">
                  </a> <!-- createUserRole(role, !!@#$, description, 测试角色名是不是可以是特殊符号) -->
                  <span class="method-name">createUserRole</span>
                  <span class="parameters">(role, !!@#$, description, 测试角色名是不是可以是特殊符号)</span>
                </div> <!-- method-content -->
              </div> <!-- method -->
              <div class="method">
                <div class="method-content">
                  <a name="createUserRole(role, 啊啊啊啊啊啊啊啊啊啊啊啊啊啊啊啊啊啊啊啊啊啊啊啊啊啊啊啊啊啊啊啊啊啊啊啊啊啊啊啊啊啊啊啊啊啊啊啊啊啊啊啊啊啊啊啊啊啊啊啊啊啊啊啊啊啊啊啊啊啊啊啊啊啊啊啊啊啊啊啊啊啊, descriptio...)">
                  </a> <!-- createUserRole(role, 啊啊啊啊啊啊啊啊啊啊啊啊啊啊啊啊啊啊啊啊啊啊啊啊啊啊啊啊啊啊啊啊啊啊啊啊啊啊啊啊啊啊啊啊啊啊啊啊啊啊啊啊啊啊啊啊啊啊啊啊啊啊啊啊啊啊啊啊啊啊啊啊啊啊啊啊啊啊啊啊啊啊, descriptio...) -->
                  <span class="method-name">createUserRole</span>
                  <span class="parameters">(role, 啊啊啊啊啊啊啊啊啊啊啊啊啊啊啊啊啊啊啊啊啊啊啊啊啊啊啊啊啊啊啊啊啊啊啊啊啊啊啊啊啊啊啊啊啊啊啊啊啊啊啊啊啊啊啊啊啊啊啊啊啊啊啊啊啊啊啊啊啊啊啊啊啊啊啊啊啊啊啊啊啊啊, description, 测试角色名最长可以是多长)</span>
                </div> <!-- method-content -->
              </div> <!-- method -->
              <div class="method">
                <div class="method-content">
                  <a name="createUserRole(role, 123.0, description, 测试角色名是不是可以是纯数字)">
                  </a> <!-- createUserRole(role, 123.0, description, 测试角色名是不是可以是纯数字) -->
                  <span class="method-name">createUserRole</span>
                  <span class="parameters">(role, 123.0, description, 测试角色名是不是可以是纯数字)</span>
                </div> <!-- method-content -->
              </div> <!-- method -->
              <div class="method">
                <div class="method-content">
                  <a name="login(username, admin, password, LZD123..)">
                  </a> <!-- login(username, admin, password, LZD123..) -->
                  <span class="method-name">login</span>
                  <span class="parameters">(username, admin, password, LZD123..)</span>
                </div> <!-- method-content -->
              </div> <!-- method -->
            </div> <!-- main-panel-content rounded-window-bottom -->
          </div> <!-- suite-Suite1-class-passed -->
          <div class="suite-Suite1-class-passed">
            <div class="main-panel-header rounded-window-top">
              <img src="passed.png"/>
              <span class="class-name">tests.Login_Test</span>
            </div> <!-- main-panel-header rounded-window-top -->
            <div class="main-panel-content rounded-window-bottom">
              <div class="method">
                <div class="method-content">
                  <a name="login1(username, admin, password, LZD123..)">
                  </a> <!-- login1(username, admin, password, LZD123..) -->
                  <span class="method-name">login1</span>
                  <span class="parameters">(username, admin, password, LZD123..)</span>
                </div> <!-- method-content -->
              </div> <!-- method -->
            </div> <!-- main-panel-content rounded-window-bottom -->
          </div> <!-- suite-Suite1-class-passed -->
          <div class="suite-Suite1-class-passed">
            <div class="main-panel-header rounded-window-top">
              <img src="passed.png"/>
              <span class="class-name">tests.SdeleteUserGroup_Test</span>
            </div> <!-- main-panel-header rounded-window-top -->
            <div class="main-panel-content rounded-window-bottom">
              <div class="method">
                <div class="method-content">
                  <a name="login(username, admin, password, LZD123..)">
                  </a> <!-- login(username, admin, password, LZD123..) -->
                  <span class="method-name">login</span>
                  <span class="parameters">(username, admin, password, LZD123..)</span>
                </div> <!-- method-content -->
              </div> <!-- method -->
              <div class="method">
                <div class="method-content">
                  <a name="testDeleteUserGroup">
                  </a> <!-- testDeleteUserGroup -->
                  <span class="method-name">testDeleteUserGroup</span>
                </div> <!-- method-content -->
              </div> <!-- method -->
            </div> <!-- main-panel-content rounded-window-bottom -->
          </div> <!-- suite-Suite1-class-passed -->
          <div class="suite-Suite1-class-passed">
            <div class="main-panel-header rounded-window-top">
              <img src="passed.png"/>
              <span class="class-name">tests.Main_Test</span>
            </div> <!-- main-panel-header rounded-window-top -->
            <div class="main-panel-content rounded-window-bottom">
              <div class="method">
                <div class="method-content">
                  <a name="addXnUser">
                  </a> <!-- addXnUser -->
                  <span class="method-name">addXnUser</span>
                </div> <!-- method-content -->
              </div> <!-- method -->
              <div class="method">
                <div class="method-content">
                  <a name="login(username, admin, password, LZD123..)">
                  </a> <!-- login(username, admin, password, LZD123..) -->
                  <span class="method-name">login</span>
                  <span class="parameters">(username, admin, password, LZD123..)</span>
                </div> <!-- method-content -->
              </div> <!-- method -->
              <div class="method">
                <div class="method-content">
                  <a name="userManage(username, HCY, fullname, 12345.0, email, 279879153@QQ.com)">
                  </a> <!-- userManage(username, HCY, fullname, 12345.0, email, 279879153@QQ.com) -->
                  <span class="method-name">userManage</span>
                  <span class="parameters">(username, HCY, fullname, 12345.0, email, 279879153@QQ.com)</span>
                </div> <!-- method-content -->
              </div> <!-- method -->
              <div class="method">
                <div class="method-content">
                  <a name="userManage(username, HCUDSHCDHSHCJXHZ, fullname, liuzhidan , email, 279879153@QQ.com)">
                  </a> <!-- userManage(username, HCUDSHCDHSHCJXHZ, fullname, liuzhidan , email, 279879153@QQ.com) -->
                  <span class="method-name">userManage</span>
                  <span class="parameters">(username, HCUDSHCDHSHCJXHZ, fullname, liuzhidan , email, 279879153@QQ.com)</span>
                </div> <!-- method-content -->
              </div> <!-- method -->
              <div class="method">
                <div class="method-content">
                  <a name="userManage(username, 123456.0, fullname, huachen, email, 279879153@QQ.com)">
                  </a> <!-- userManage(username, 123456.0, fullname, huachen, email, 279879153@QQ.com) -->
                  <span class="method-name">userManage</span>
                  <span class="parameters">(username, 123456.0, fullname, huachen, email, 279879153@QQ.com)</span>
                </div> <!-- method-content -->
              </div> <!-- method -->
              <div class="method">
                <div class="method-content">
                  <a name="userManage(username, LZD11, fullname, liuzh$%%#, email, 279879153@126.com)">
                  </a> <!-- userManage(username, LZD11, fullname, liuzh$%%#, email, 279879153@126.com) -->
                  <span class="method-name">userManage</span>
                  <span class="parameters">(username, LZD11, fullname, liuzh$%%#, email, 279879153@126.com)</span>
                </div> <!-- method-content -->
              </div> <!-- method -->
              <div class="method">
                <div class="method-content">
                  <a name="userManage(username, LZD4, fullname, liuzhidahcudshfudhsufhdu, email, 279879154@QQ.com)">
                  </a> <!-- userManage(username, LZD4, fullname, liuzhidahcudshfudhsufhdu, email, 279879154@QQ.com) -->
                  <span class="method-name">userManage</span>
                  <span class="parameters">(username, LZD4, fullname, liuzhidahcudshfudhsufhdu, email, 279879154@QQ.com)</span>
                </div> <!-- method-content -->
              </div> <!-- method -->
              <div class="method">
                <div class="method-content">
                  <a name="userManage(username, LZD7, fullname, liuzhidan , email, 279879157@163.com)">
                  </a> <!-- userManage(username, LZD7, fullname, liuzhidan , email, 279879157@163.com) -->
                  <span class="method-name">userManage</span>
                  <span class="parameters">(username, LZD7, fullname, liuzhidan , email, 279879157@163.com)</span>
                </div> <!-- method-content -->
              </div> <!-- method -->
              <div class="method">
                <div class="method-content">
                  <a name="userManage(username, LZD8, fullname, liuzhidan , email, 279879153@126.com)">
                  </a> <!-- userManage(username, LZD8, fullname, liuzhidan , email, 279879153@126.com) -->
                  <span class="method-name">userManage</span>
                  <span class="parameters">(username, LZD8, fullname, liuzhidan , email, 279879153@126.com)</span>
                </div> <!-- method-content -->
              </div> <!-- method -->
              <div class="method">
                <div class="method-content">
                  <a name="userManage(username, LZD!!%, fullname, liuzhidan, email, 279879153@126.com)">
                  </a> <!-- userManage(username, LZD!!%, fullname, liuzhidan, email, 279879153@126.com) -->
                  <span class="method-name">userManage</span>
                  <span class="parameters">(username, LZD!!%, fullname, liuzhidan, email, 279879153@126.com)</span>
                </div> <!-- method-content -->
              </div> <!-- method -->
            </div> <!-- main-panel-content rounded-window-bottom -->
          </div> <!-- suite-Suite1-class-passed -->
          <div class="suite-Suite1-class-passed">
            <div class="main-panel-header rounded-window-top">
              <img src="passed.png"/>
              <span class="class-name">tests.NaddUserGroup_Test</span>
            </div> <!-- main-panel-header rounded-window-top -->
            <div class="main-panel-content rounded-window-bottom">
              <div class="method">
                <div class="method-content">
                  <a name="createUserGroup(usergroup, A, description, 测试用户组名最短可以是多短)">
                  </a> <!-- createUserGroup(usergroup, A, description, 测试用户组名最短可以是多短) -->
                  <span class="method-name">createUserGroup</span>
                  <span class="parameters">(usergroup, A, description, 测试用户组名最短可以是多短)</span>
                </div> <!-- method-content -->
              </div> <!-- method -->
              <div class="method">
                <div class="method-content">
                  <a name="createUserGroup(usergroup, !!@#$, description, 测试用户组名是不是可以是特殊符号)">
                  </a> <!-- createUserGroup(usergroup, !!@#$, description, 测试用户组名是不是可以是特殊符号) -->
                  <span class="method-name">createUserGroup</span>
                  <span class="parameters">(usergroup, !!@#$, description, 测试用户组名是不是可以是特殊符号)</span>
                </div> <!-- method-content -->
              </div> <!-- method -->
              <div class="method">
                <div class="method-content">
                  <a name="createUserGroup(usergroup, 用户组, description, 测试用户组名是不是可以是纯中文)">
                  </a> <!-- createUserGroup(usergroup, 用户组, description, 测试用户组名是不是可以是纯中文) -->
                  <span class="method-name">createUserGroup</span>
                  <span class="parameters">(usergroup, 用户组, description, 测试用户组名是不是可以是纯中文)</span>
                </div> <!-- method-content -->
              </div> <!-- method -->
              <div class="method">
                <div class="method-content">
                  <a name="createUserGroup(usergroup, 123.0, description, 测试用户组名是不是可以是纯数字)">
                  </a> <!-- createUserGroup(usergroup, 123.0, description, 测试用户组名是不是可以是纯数字) -->
                  <span class="method-name">createUserGroup</span>
                  <span class="parameters">(usergroup, 123.0, description, 测试用户组名是不是可以是纯数字)</span>
                </div> <!-- method-content -->
              </div> <!-- method -->
              <div class="method">
                <div class="method-content">
                  <a name="createUserGroup(usergroup, 啊啊啊啊啊啊啊啊啊啊啊啊啊啊啊啊啊啊啊啊啊啊啊啊啊啊啊啊啊啊啊啊啊啊啊啊啊啊啊啊啊啊啊啊啊啊啊啊啊啊啊啊啊啊啊啊啊啊啊啊啊啊啊啊啊啊啊啊啊啊啊啊啊啊啊啊啊啊啊啊啊啊, descr...)">
                  </a> <!-- createUserGroup(usergroup, 啊啊啊啊啊啊啊啊啊啊啊啊啊啊啊啊啊啊啊啊啊啊啊啊啊啊啊啊啊啊啊啊啊啊啊啊啊啊啊啊啊啊啊啊啊啊啊啊啊啊啊啊啊啊啊啊啊啊啊啊啊啊啊啊啊啊啊啊啊啊啊啊啊啊啊啊啊啊啊啊啊啊, descr...) -->
                  <span class="method-name">createUserGroup</span>
                  <span class="parameters">(usergroup, 啊啊啊啊啊啊啊啊啊啊啊啊啊啊啊啊啊啊啊啊啊啊啊啊啊啊啊啊啊啊啊啊啊啊啊啊啊啊啊啊啊啊啊啊啊啊啊啊啊啊啊啊啊啊啊啊啊啊啊啊啊啊啊啊啊啊啊啊啊啊啊啊啊啊啊啊啊啊啊啊啊啊, description, 测试用户组名最长可以是多长)</span>
                </div> <!-- method-content -->
              </div> <!-- method -->
              <div class="method">
                <div class="method-content">
                  <a name="createUserGroup(usergroup, usergroup, description, 测试用户组名是不是可以是纯英文)">
                  </a> <!-- createUserGroup(usergroup, usergroup, description, 测试用户组名是不是可以是纯英文) -->
                  <span class="method-name">createUserGroup</span>
                  <span class="parameters">(usergroup, usergroup, description, 测试用户组名是不是可以是纯英文)</span>
                </div> <!-- method-content -->
              </div> <!-- method -->
              <div class="method">
                <div class="method-content">
                  <a name="createUserGroup2(usergroup, hahaha, description, 测试不填用户组描述是否可以创建成功)">
                  </a> <!-- createUserGroup2(usergroup, hahaha, description, 测试不填用户组描述是否可以创建成功) -->
                  <span class="method-name">createUserGroup2</span>
                  <span class="parameters">(usergroup, hahaha, description, 测试不填用户组描述是否可以创建成功)</span>
                </div> <!-- method-content -->
              </div> <!-- method -->
              <div class="method">
                <div class="method-content">
                  <a name="login(username, admin, password, LZD123..)">
                  </a> <!-- login(username, admin, password, LZD123..) -->
                  <span class="method-name">login</span>
                  <span class="parameters">(username, admin, password, LZD123..)</span>
                </div> <!-- method-content -->
              </div> <!-- method -->
            </div> <!-- main-panel-content rounded-window-bottom -->
          </div> <!-- suite-Suite1-class-passed -->
        </div> <!-- panel Suite1 -->
        <div panel-name="test-xml-Suite1" class="panel">
          <div class="main-panel-header rounded-window-top">
            <span class="header-content">E:\note\exercise\Android\ReoprtNG\testng.xml</span>
          </div> <!-- main-panel-header rounded-window-top -->
          <div class="main-panel-content rounded-window-bottom">
            <pre>
&lt;?xml version=&quot;1.0&quot; encoding=&quot;UTF-8&quot;?&gt;
&lt;!DOCTYPE suite SYSTEM &quot;https://testng.org/testng-1.0.dtd&quot;&gt;
&lt;suite guice-stage=&quot;DEVELOPMENT&quot; name=&quot;Suite1&quot;&gt;
  &lt;listeners&gt;
    &lt;listener class-name=&quot;org.uncommons.reportng.HTMLReporter&quot;/&gt;
    &lt;listener class-name=&quot;org.uncommons.reportng.JUnitXMLReporter&quot;/&gt;
  &lt;/listeners&gt;
  &lt;test thread-count=&quot;5&quot; name=&quot;Nopackage&quot;&gt;
    &lt;classes&gt;
      &lt;class name=&quot;tests.Login_Test&quot;/&gt;
      &lt;class name=&quot;tests.Main_Test&quot;/&gt;
      &lt;class name=&quot;tests.NaddUserGroup_Test&quot;/&gt;
      &lt;class name=&quot;tests.Role_Test&quot;/&gt;
      &lt;class name=&quot;tests.SdeleteUserGroup_Test&quot;/&gt;
    &lt;/classes&gt;
  &lt;/test&gt; &lt;!-- Nopackage --&gt;
&lt;/suite&gt; &lt;!-- Suite1 --&gt;
            </pre>
          </div> <!-- main-panel-content rounded-window-bottom -->
        </div> <!-- panel -->
        <div panel-name="testlist-Suite1" class="panel">
          <div class="main-panel-header rounded-window-top">
            <span class="header-content">Tests for Suite1</span>
          </div> <!-- main-panel-header rounded-window-top -->
          <div class="main-panel-content rounded-window-bottom">
            <ul>
              <li>
                <span class="test-name">Nopackage (5 classes)</span>
              </li>
            </ul>
          </div> <!-- main-panel-content rounded-window-bottom -->
        </div> <!-- panel -->
        <div panel-name="group-Suite1" class="panel">
          <div class="main-panel-header rounded-window-top">
            <span class="header-content">Groups for Suite1</span>
          </div> <!-- main-panel-header rounded-window-top -->
          <div class="main-panel-content rounded-window-bottom">
          </div> <!-- main-panel-content rounded-window-bottom -->
        </div> <!-- panel -->
        <div panel-name="times-Suite1" class="panel">
          <div class="main-panel-header rounded-window-top">
            <span class="header-content">Times for Suite1</span>
          </div> <!-- main-panel-header rounded-window-top -->
          <div class="main-panel-content rounded-window-bottom">
            <div class="times-div">
              <script type="text/javascript">
suiteTableInitFunctions.push('tableData_Suite1');
function tableData_Suite1() {
var data = new google.visualization.DataTable();
data.addColumn('number', 'Number');
data.addColumn('string', 'Method');
data.addColumn('string', 'Class');
data.addColumn('number', 'Time (ms)');
data.addRows(54);
data.setCell(0, 0, 0)
data.setCell(0, 1, 'createUserRole')
data.setCell(0, 2, 'tests.Role_Test')
data.setCell(0, 3, 20497);
data.setCell(1, 0, 1)
data.setCell(1, 1, 'createUserRole')
data.setCell(1, 2, 'tests.Role_Test')
data.setCell(1, 3, 20262);
data.setCell(2, 0, 2)
data.setCell(2, 1, 'createUserRole')
data.setCell(2, 2, 'tests.Role_Test')
data.setCell(2, 3, 20172);
data.setCell(3, 0, 3)
data.setCell(3, 1, 'createUserRole')
data.setCell(3, 2, 'tests.Role_Test')
data.setCell(3, 3, 20056);
data.setCell(4, 0, 4)
data.setCell(4, 1, 'createUserRole')
data.setCell(4, 2, 'tests.Role_Test')
data.setCell(4, 3, 20040);
data.setCell(5, 0, 5)
data.setCell(5, 1, 'createUserRole')
data.setCell(5, 2, 'tests.Role_Test')
data.setCell(5, 3, 19988);
data.setCell(6, 0, 6)
data.setCell(6, 1, 'createUserRole')
data.setCell(6, 2, 'tests.Role_Test')
data.setCell(6, 3, 19949);
data.setCell(7, 0, 7)
data.setCell(7, 1, 'userManage2')
data.setCell(7, 2, 'tests.Main_Test')
data.setCell(7, 3, 17640);
data.setCell(8, 0, 8)
data.setCell(8, 1, 'userManage2')
data.setCell(8, 2, 'tests.Main_Test')
data.setCell(8, 3, 17614);
data.setCell(9, 0, 9)
data.setCell(9, 1, 'userManage2')
data.setCell(9, 2, 'tests.Main_Test')
data.setCell(9, 3, 17584);
data.setCell(10, 0, 10)
data.setCell(10, 1, 'userManage2')
data.setCell(10, 2, 'tests.Main_Test')
data.setCell(10, 3, 17576);
data.setCell(11, 0, 11)
data.setCell(11, 1, 'userManage2')
data.setCell(11, 2, 'tests.Main_Test')
data.setCell(11, 3, 17574);
data.setCell(12, 0, 12)
data.setCell(12, 1, 'userManage2')
data.setCell(12, 2, 'tests.Main_Test')
data.setCell(12, 3, 17548);
data.setCell(13, 0, 13)
data.setCell(13, 1, 'userManage2')
data.setCell(13, 2, 'tests.Main_Test')
data.setCell(13, 3, 17523);
data.setCell(14, 0, 14)
data.setCell(14, 1, 'userManage2')
data.setCell(14, 2, 'tests.Main_Test')
data.setCell(14, 3, 17444);
data.setCell(15, 0, 15)
data.setCell(15, 1, 'userManage2')
data.setCell(15, 2, 'tests.Main_Test')
data.setCell(15, 3, 17383);
data.setCell(16, 0, 16)
data.setCell(16, 1, 'userManage2')
data.setCell(16, 2, 'tests.Main_Test')
data.setCell(16, 3, 17331);
data.setCell(17, 0, 17)
data.setCell(17, 1, 'userManage2')
data.setCell(17, 2, 'tests.Main_Test')
data.setCell(17, 3, 17329);
data.setCell(18, 0, 18)
data.setCell(18, 1, 'userManage2')
data.setCell(18, 2, 'tests.Main_Test')
data.setCell(18, 3, 17268);
data.setCell(19, 0, 19)
data.setCell(19, 1, 'createUserGroup')
data.setCell(19, 2, 'tests.NaddUserGroup_Test')
data.setCell(19, 3, 15859);
data.setCell(20, 0, 20)
data.setCell(20, 1, 'createUserGroup')
data.setCell(20, 2, 'tests.NaddUserGroup_Test')
data.setCell(20, 3, 15769);
data.setCell(21, 0, 21)
data.setCell(21, 1, 'createUserGroup')
data.setCell(21, 2, 'tests.NaddUserGroup_Test')
data.setCell(21, 3, 15715);
data.setCell(22, 0, 22)
data.setCell(22, 1, 'createUserRole2')
data.setCell(22, 2, 'tests.Role_Test')
data.setCell(22, 3, 15698);
data.setCell(23, 0, 23)
data.setCell(23, 1, 'createUserRole2')
data.setCell(23, 2, 'tests.Role_Test')
data.setCell(23, 3, 15676);
data.setCell(24, 0, 24)
data.setCell(24, 1, 'createUserGroup')
data.setCell(24, 2, 'tests.NaddUserGroup_Test')
data.setCell(24, 3, 15628);
data.setCell(25, 0, 25)
data.setCell(25, 1, 'createUserGroup2')
data.setCell(25, 2, 'tests.NaddUserGroup_Test')
data.setCell(25, 3, 15586);
data.setCell(26, 0, 26)
data.setCell(26, 1, 'createUserGroup')
data.setCell(26, 2, 'tests.NaddUserGroup_Test')
data.setCell(26, 3, 15573);
data.setCell(27, 0, 27)
data.setCell(27, 1, 'createUserGroup')
data.setCell(27, 2, 'tests.NaddUserGroup_Test')
data.setCell(27, 3, 15334);
data.setCell(28, 0, 28)
data.setCell(28, 1, 'createUserGroup')
data.setCell(28, 2, 'tests.NaddUserGroup_Test')
data.setCell(28, 3, 15081);
data.setCell(29, 0, 29)
data.setCell(29, 1, 'login')
data.setCell(29, 2, 'tests.SdeleteUserGroup_Test')
data.setCell(29, 3, 14269);
data.setCell(30, 0, 30)
data.setCell(30, 1, 'createUserGroup2')
data.setCell(30, 2, 'tests.NaddUserGroup_Test')
data.setCell(30, 3, 14224);
data.setCell(31, 0, 31)
data.setCell(31, 1, 'login')
data.setCell(31, 2, 'tests.Main_Test')
data.setCell(31, 3, 14092);
data.setCell(32, 0, 32)
data.setCell(32, 1, 'addXnUser')
data.setCell(32, 2, 'tests.Main_Test')
data.setCell(32, 3, 13769);
data.setCell(33, 0, 33)
data.setCell(33, 1, 'login')
data.setCell(33, 2, 'tests.Role_Test')
data.setCell(33, 3, 13741);
data.setCell(34, 0, 34)
data.setCell(34, 1, 'login')
data.setCell(34, 2, 'tests.NaddUserGroup_Test')
data.setCell(34, 3, 13685);
data.setCell(35, 0, 35)
data.setCell(35, 1, 'testDeleteUserGroup')
data.setCell(35, 2, 'tests.SdeleteUserGroup_Test')
data.setCell(35, 3, 13659);
data.setCell(36, 0, 36)
data.setCell(36, 1, 'login1')
data.setCell(36, 2, 'tests.Login_Test')
data.setCell(36, 3, 12709);
data.setCell(37, 0, 37)
data.setCell(37, 1, 'userManage')
data.setCell(37, 2, 'tests.Main_Test')
data.setCell(37, 3, 12531);
data.setCell(38, 0, 38)
data.setCell(38, 1, 'login1')
data.setCell(38, 2, 'tests.Login_Test')
data.setCell(38, 3, 12454);
data.setCell(39, 0, 39)
data.setCell(39, 1, 'userManage')
data.setCell(39, 2, 'tests.Main_Test')
data.setCell(39, 3, 12020);
data.setCell(40, 0, 40)
data.setCell(40, 1, 'login1')
data.setCell(40, 2, 'tests.Login_Test')
data.setCell(40, 3, 11700);
data.setCell(41, 0, 41)
data.setCell(41, 1, 'userManage')
data.setCell(41, 2, 'tests.Main_Test')
data.setCell(41, 3, 11430);
data.setCell(42, 0, 42)
data.setCell(42, 1, 'userManage')
data.setCell(42, 2, 'tests.Main_Test')
data.setCell(42, 3, 11344);
data.setCell(43, 0, 43)
data.setCell(43, 1, 'userManage')
data.setCell(43, 2, 'tests.Main_Test')
data.setCell(43, 3, 11335);
data.setCell(44, 0, 44)
data.setCell(44, 1, 'login1')
data.setCell(44, 2, 'tests.Login_Test')
data.setCell(44, 3, 11333);
data.setCell(45, 0, 45)
data.setCell(45, 1, 'userManage')
data.setCell(45, 2, 'tests.Main_Test')
data.setCell(45, 3, 11329);
data.setCell(46, 0, 46)
data.setCell(46, 1, 'userManage')
data.setCell(46, 2, 'tests.Main_Test')
data.setCell(46, 3, 11303);
data.setCell(47, 0, 47)
data.setCell(47, 1, 'userManage')
data.setCell(47, 2, 'tests.Main_Test')
data.setCell(47, 3, 11237);
data.setCell(48, 0, 48)
data.setCell(48, 1, 'userManage')
data.setCell(48, 2, 'tests.Main_Test')
data.setCell(48, 3, 11211);
data.setCell(49, 0, 49)
data.setCell(49, 1, 'userManage')
data.setCell(49, 2, 'tests.Main_Test')
data.setCell(49, 3, 11143);
data.setCell(50, 0, 50)
data.setCell(50, 1, 'userManage')
data.setCell(50, 2, 'tests.Main_Test')
data.setCell(50, 3, 11122);
data.setCell(51, 0, 51)
data.setCell(51, 1, 'userManage')
data.setCell(51, 2, 'tests.Main_Test')
data.setCell(51, 3, 11065);
data.setCell(52, 0, 52)
data.setCell(52, 1, 'userManage')
data.setCell(52, 2, 'tests.Main_Test')
data.setCell(52, 3, 11062);
data.setCell(53, 0, 53)
data.setCell(53, 1, 'userManage')
data.setCell(53, 2, 'tests.Main_Test')
data.setCell(53, 3, 10981);
window.suiteTableData['Suite1']= { tableData: data, tableDiv: 'times-div-Suite1'}
return data;
}
              </script>
              <span class="suite-total-time">Total running time: 13 minutes</span>
              <div id="times-div-Suite1">
              </div> <!-- times-div-Suite1 -->
            </div> <!-- times-div -->
          </div> <!-- main-panel-content rounded-window-bottom -->
        </div> <!-- panel -->
        <div panel-name="reporter-Suite1" class="panel">
          <div class="main-panel-header rounded-window-top">
            <span class="header-content">Reporter output for Suite1</span>
          </div> <!-- main-panel-header rounded-window-top -->
          <div class="main-panel-content rounded-window-bottom">
          </div> <!-- main-panel-content rounded-window-bottom -->
        </div> <!-- panel -->
        <div panel-name="ignored-methods-Suite1" class="panel">
          <div class="main-panel-header rounded-window-top">
            <span class="header-content">4 ignored methods</span>
          </div> <!-- main-panel-header rounded-window-top -->
          <div class="main-panel-content rounded-window-bottom">
            <div class="ignored-class-div">
              <span class="ignored-class-name">tests.Role_Test</span>
              <div class="ignored-methods-div">
                <span class="ignored-method-name">addListener</span>
                <br/>
              </div> <!-- ignored-methods-div -->
            </div> <!-- ignored-class-div -->
            <div class="ignored-class-div">
              <span class="ignored-class-name">tests.SdeleteUserGroup_Test</span>
              <div class="ignored-methods-div">
                <span class="ignored-method-name">addListener</span>
                <br/>
              </div> <!-- ignored-methods-div -->
            </div> <!-- ignored-class-div -->
            <div class="ignored-class-div">
              <span class="ignored-class-name">tests.Main_Test</span>
              <div class="ignored-methods-div">
                <span class="ignored-method-name">addListener</span>
                <br/>
              </div> <!-- ignored-methods-div -->
            </div> <!-- ignored-class-div -->
            <div class="ignored-class-div">
              <span class="ignored-class-name">tests.NaddUserGroup_Test</span>
              <div class="ignored-methods-div">
                <span class="ignored-method-name">addListener</span>
                <br/>
              </div> <!-- ignored-methods-div -->
            </div> <!-- ignored-class-div -->
          </div> <!-- main-panel-content rounded-window-bottom -->
        </div> <!-- panel -->
        <div panel-name="chronological-Suite1" class="panel">
          <div class="main-panel-header rounded-window-top">
            <span class="header-content">Methods in chronological order</span>
          </div> <!-- main-panel-header rounded-window-top -->
          <div class="main-panel-content rounded-window-bottom">
            <div class="chronological-class">
              <div class="chronological-class-name">tests.Login_Test</div> <!-- chronological-class-name -->
              <div class="configuration-suite before">
                <span class="method-name">addListener(org.testng.TestRunner@653a5967)</span>
                <span class="method-start">0 ms</span>
              </div> <!-- configuration-suite before -->
              <div class="configuration-class before">
                <span class="method-name">initBrowser</span>
                <span class="method-start">63 ms</span>
              </div> <!-- configuration-class before -->
              <div class="configuration-class before">
                <span class="method-name">initPage</span>
                <span class="method-start">10242 ms</span>
              </div> <!-- configuration-class before -->
              <div class="test-method">
                <img src="failed.png">
                </img>
                <span class="method-name">login1(username, admin1, password, LZD123..)</span>
                <span class="method-start">11684 ms</span>
              </div> <!-- test-method -->
              <div class="test-method">
                <img src="failed.png">
                </img>
                <span class="method-name">login1(username, admin, password, LZD1234..)</span>
                <span class="method-start">24147 ms</span>
              </div> <!-- test-method -->
              <div class="test-method">
                <img src="failed.png">
                </img>
                <span class="method-name">login1(username, admin1, password, LZD1234..)</span>
                <span class="method-start">35848 ms</span>
              </div> <!-- test-method -->
              <div class="test-method">
                <span class="method-name">login1(username, admin, password, LZD123..)</span>
                <span class="method-start">47183 ms</span>
              </div> <!-- test-method -->
              <div class="configuration-class after">
                <span class="method-name">close</span>
                <span class="method-start">59894 ms</span>
              </div> <!-- configuration-class after -->
            </div> <!-- chronological-class -->
            <div class="chronological-class">
              <div class="chronological-class-name">tests.Main_Test</div> <!-- chronological-class-name -->
              <div class="configuration-class before">
                <span class="method-name">initBrowser</span>
                <span class="method-start">62909 ms</span>
              </div> <!-- configuration-class before -->
              <div class="configuration-class before">
                <span class="method-name">initPage</span>
                <span class="method-start">70104 ms</span>
              </div> <!-- configuration-class before -->
              <div class="test-method">
                <span class="method-name">login(username, admin, password, LZD123..)</span>
                <span class="method-start">70174 ms</span>
              </div> <!-- test-method -->
              <div class="test-method">
                <img src="failed.png">
                </img>
                <span class="method-name">userManage(username, LZD1, fullname, liuzhidan , email, 279879153@QQ.com)</span>
                <span class="method-start">84363 ms</span>
              </div> <!-- test-method -->
              <div class="test-method">
                <img src="failed.png">
                </img>
                <span class="method-name">userManage(username, LZD2, fullname, liuzhidan , email, 279879153@QQ.com)</span>
                <span class="method-start">96895 ms</span>
              </div> <!-- test-method -->
              <div class="test-method">
                <img src="failed.png">
                </img>
                <span class="method-name">userManage(username, LZD1, fullname, liuzhidan1 , email, 279879153@QQ.com)</span>
                <span class="method-start">108916 ms</span>
              </div> <!-- test-method -->
              <div class="test-method">
                <img src="failed.png">
                </img>
                <span class="method-name">userManage(username, LZD1, fullname, liuzhidan , email, 188139337@QQ.com)</span>
                <span class="method-start">119982 ms</span>
              </div> <!-- test-method -->
              <div class="test-method">
                <img src="failed.png">
                </img>
                <span class="method-name">userManage(username, LZD3, fullname, liuzhidan , email, 27983@QQ.com)</span>
                <span class="method-start">131195 ms</span>
              </div> <!-- test-method -->
              <div class="test-method">
                <span class="method-name">userManage(username, HCUDSHCDHSHCJXHZ, fullname, liuzhidan , email, 279879153@QQ.com)</span>
                <span class="method-start">142626 ms</span>
              </div> <!-- test-method -->
              <div class="test-method">
                <span class="method-name">userManage(username, LZD4, fullname, liuzhidahcudshfudhsufhdu, email, 279879154@QQ.com)</span>
                <span class="method-start">153864 ms</span>
              </div> <!-- test-method -->
              <div class="test-method">
                <img src="failed.png">
                </img>
                <span class="method-name">userManage(username, LZD5, fullname, liuzhidan , email, 2.79879155E8)</span>
                <span class="method-start">165007 ms</span>
              </div> <!-- test-method -->
              <div class="test-method">
                <span class="method-name">userManage(username, 123456.0, fullname, huachen, email, 279879153@QQ.com)</span>
                <span class="method-start">176070 ms</span>
              </div> <!-- test-method -->
              <div class="test-method">
                <span class="method-name">userManage(username, HCY, fullname, 12345.0, email, 279879153@QQ.com)</span>
                <span class="method-start">187405 ms</span>
              </div> <!-- test-method -->
              <div class="test-method">
                <span class="method-name">userManage(username, LZD7, fullname, liuzhidan , email, 279879157@163.com)</span>
                <span class="method-start">198528 ms</span>
              </div> <!-- test-method -->
              <div class="test-method">
                <span class="method-name">userManage(username, LZD8, fullname, liuzhidan , email, 279879153@126.com)</span>
                <span class="method-start">209858 ms</span>
              </div> <!-- test-method -->
              <div class="test-method">
                <span class="method-name">userManage(username, LZD!!%, fullname, liuzhidan, email, 279879153@126.com)</span>
                <span class="method-start">221203 ms</span>
              </div> <!-- test-method -->
              <div class="test-method">
                <span class="method-name">userManage(username, LZD11, fullname, liuzh$%%#, email, 279879153@126.com)</span>
                <span class="method-start">232506 ms</span>
              </div> <!-- test-method -->
              <div class="test-method">
                <img src="failed.png">
                </img>
                <span class="method-name">userManage2(username, HUA1, fullname, liuzhidan , email, 279879153@QQ.com, password, 1234.0)</span>
                <span class="method-start">243749 ms</span>
              </div> <!-- test-method -->
              <div class="test-method">
                <img src="failed.png">
                </img>
                <span class="method-name">userManage2(username, HUA2, fullname, liuzhidan , email, 279879154@QQ.com, password, 1.2345678E7)</span>
                <span class="method-start">261298 ms</span>
              </div> <!-- test-method -->
              <div class="test-method">
                <img src="failed.png">
                </img>
                <span class="method-name">userManage2(username, HUA3, fullname, liuzhidan , email, 279879155@QQ.com, password, LZDHCYAA)</span>
                <span class="method-start">278939 ms</span>
              </div> <!-- test-method -->
              <div class="test-method">
                <img src="failed.png">
                </img>
                <span class="method-name">userManage2(username, HUA4, fullname, liuzhidan , email, 279879156@QQ.com, password, lzdhcyaa)</span>
                <span class="method-start">296208 ms</span>
              </div> <!-- test-method -->
              <div class="test-method">
                <img src="failed.png">
                </img>
                <span class="method-name">userManage2(username, HUA5, fullname, liuzhidan , email, 279879157@QQ.com, password, LZD12345)</span>
                <span class="method-start">313540 ms</span>
              </div> <!-- test-method -->
              <div class="test-method">
                <img src="failed.png">
                </img>
                <span class="method-name">userManage2(username, HUA6, fullname, liuzhidan , email, 279879158@QQ.com, password, lzd12345)</span>
                <span class="method-start">330923 ms</span>
              </div> <!-- test-method -->
              <div class="test-method">
                <img src="failed.png">
                </img>
                <span class="method-name">userManage2(username, HUA7, fullname, liuzhidan , email, 279879159@QQ.com, password, LZDlzdaa)</span>
                <span class="method-start">348509 ms</span>
              </div> <!-- test-method -->
              <div class="test-method">
                <img src="failed.png">
                </img>
                <span class="method-name">userManage2(username, HUA9, fullname, liuzhidan , email, 279879160@QQ.com, password, LZDlzd12)</span>
                <span class="method-start">365838 ms</span>
              </div> <!-- test-method -->
              <div class="test-method">
                <img src="failed.png">
                </img>
                <span class="method-name">userManage2(username, HUA10, fullname, liuzhidan , email, 279879161@QQ.com, password, LZD123..)</span>
                <span class="method-start">383453 ms</span>
              </div> <!-- test-method -->
              <div class="test-method">
                <img src="failed.png">
                </img>
                <span class="method-name">userManage2(username, HUA11, fullname, liuzhidan , email, 279879162@QQ.com, password, lzd123..)</span>
                <span class="method-start">400898 ms</span>
              </div> <!-- test-method -->
              <div class="test-method">
                <img src="failed.png">
                </img>
                <span class="method-name">userManage2(username, HUA12, fullname, liuzhidan , email, 279879162@QQ.com, password, Lzd123..)</span>
                <span class="method-start">418473 ms</span>
              </div> <!-- test-method -->
              <div class="test-method">
                <img src="failed.png">
                </img>
                <span class="method-name">userManage2(username, HUA13, fullname, liuzhidan , email, 279879162@QQ.com, password, Lchdjshcjdhujchdushfusuhdi...)</span>
                <span class="method-start">435997 ms</span>
              </div> <!-- test-method -->
              <div class="test-method">
                <span class="method-name">addXnUser</span>
                <span class="method-start">453574 ms</span>
              </div> <!-- test-method -->
              <div class="configuration-class after">
                <span class="method-name">close</span>
                <span class="method-start">467344 ms</span>
              </div> <!-- configuration-class after -->
            </div> <!-- chronological-class -->
            <div class="chronological-class">
              <div class="chronological-class-name">tests.NaddUserGroup_Test</div> <!-- chronological-class-name -->
              <div class="configuration-class before">
                <span class="method-name">initBrowser</span>
                <span class="method-start">470350 ms</span>
              </div> <!-- configuration-class before -->
              <div class="configuration-class before">
                <span class="method-name">initPage</span>
                <span class="method-start">477025 ms</span>
              </div> <!-- configuration-class before -->
              <div class="test-method">
                <span class="method-name">login(username, admin, password, LZD123..)</span>
                <span class="method-start">477074 ms</span>
              </div> <!-- test-method -->
              <div class="test-method">
                <span class="method-name">createUserGroup(usergroup, usergroup, description, 测试用户组名是不是可以是纯英文)</span>
                <span class="method-start">490913 ms</span>
              </div> <!-- test-method -->
              <div class="test-method">
                <span class="method-name">createUserGroup(usergroup, 123.0, description, 测试用户组名是不是可以是纯数字)</span>
                <span class="method-start">506772 ms</span>
              </div> <!-- test-method -->
              <div class="test-method">
                <span class="method-name">createUserGroup(usergroup, !!@#$, description, 测试用户组名是不是可以是特殊符号)</span>
                <span class="method-start">522107 ms</span>
              </div> <!-- test-method -->
              <div class="test-method">
                <span class="method-name">createUserGroup(usergroup, 用户组, description, 测试用户组名是不是可以是纯中文)</span>
                <span class="method-start">537877 ms</span>
              </div> <!-- test-method -->
              <div class="test-method">
                <span class="method-name">createUserGroup(usergroup, 啊啊啊啊啊啊啊啊啊啊啊啊啊啊啊啊啊啊啊啊啊啊啊啊啊啊啊啊啊啊啊啊啊啊啊啊啊啊啊啊啊啊啊啊啊啊啊啊啊啊啊啊啊啊啊啊啊啊啊啊啊啊啊啊啊啊啊啊啊啊啊啊啊啊啊啊啊啊啊啊啊啊, descr...)</span>
                <span class="method-start">553505 ms</span>
              </div> <!-- test-method -->
              <div class="test-method">
                <span class="method-name">createUserGroup(usergroup, A, description, 测试用户组名最短可以是多短)</span>
                <span class="method-start">569220 ms</span>
              </div> <!-- test-method -->
              <div class="test-method">
                <img src="failed.png">
                </img>
                <span class="method-name">createUserGroup(usergroup, 用户组, description, 测试用户组名是不是可以重复)</span>
                <span class="method-start">584794 ms</span>
              </div> <!-- test-method -->
              <div class="test-method">
                <span class="method-name">createUserGroup2(usergroup, hahaha, description, 测试不填用户组描述是否可以创建成功)</span>
                <span class="method-start">599947 ms</span>
              </div> <!-- test-method -->
              <div class="test-method">
                <img src="failed.png">
                </img>
                <span class="method-name">createUserGroup2(usergroup, hehehe, description, 测试不填用户组名字是否可以创建成功)</span>
                <span class="method-start">615534 ms</span>
              </div> <!-- test-method -->
              <div class="configuration-class after">
                <span class="method-name">close</span>
                <span class="method-start">629759 ms</span>
              </div> <!-- configuration-class after -->
            </div> <!-- chronological-class -->
            <div class="chronological-class">
              <div class="chronological-class-name">tests.Role_Test</div> <!-- chronological-class-name -->
              <div class="configuration-class before">
                <span class="method-name">initBrowser</span>
                <span class="method-start">632772 ms</span>
              </div> <!-- configuration-class before -->
              <div class="configuration-class before">
                <span class="method-name">initPage</span>
                <span class="method-start">639429 ms</span>
              </div> <!-- configuration-class before -->
              <div class="test-method">
                <span class="method-name">login(username, admin, password, LZD123..)</span>
                <span class="method-start">639486 ms</span>
              </div> <!-- test-method -->
              <div class="test-method">
                <span class="method-name">createUserRole(role, role, description, 测试角色名是不是可以是纯英文)</span>
                <span class="method-start">653259 ms</span>
              </div> <!-- test-method -->
              <div class="test-method">
                <span class="method-name">createUserRole(role, 123.0, description, 测试角色名是不是可以是纯数字)</span>
                <span class="method-start">673522 ms</span>
              </div> <!-- test-method -->
              <div class="test-method">
                <span class="method-name">createUserRole(role, !!@#$, description, 测试角色名是不是可以是特殊符号)</span>
                <span class="method-start">693579 ms</span>
              </div> <!-- test-method -->
              <div class="test-method">
                <span class="method-name">createUserRole(role, 角色, description, 测试角色名是不是可以是纯中文)</span>
                <span class="method-start">714077 ms</span>
              </div> <!-- test-method -->
              <div class="test-method">
                <span class="method-name">createUserRole(role, 啊啊啊啊啊啊啊啊啊啊啊啊啊啊啊啊啊啊啊啊啊啊啊啊啊啊啊啊啊啊啊啊啊啊啊啊啊啊啊啊啊啊啊啊啊啊啊啊啊啊啊啊啊啊啊啊啊啊啊啊啊啊啊啊啊啊啊啊啊啊啊啊啊啊啊啊啊啊啊啊啊啊, descriptio...)</span>
                <span class="method-start">734117 ms</span>
              </div> <!-- test-method -->
              <div class="test-method">
                <span class="method-name">createUserRole(role, A, description, 测试角色名最短可以是多短)</span>
                <span class="method-start">754289 ms</span>
              </div> <!-- test-method -->
              <div class="test-method">
                <img src="failed.png">
                </img>
                <span class="method-name">createUserRole(role, 角色, description, 测试角色名是不是可以重复)</span>
                <span class="method-start">774238 ms</span>
              </div> <!-- test-method -->
              <div class="test-method">
                <img src="failed.png">
                </img>
                <span class="method-name">createUserRole2(role, hahaha, description, 测试不填角色描述是否可以创建成功)</span>
                <span class="method-start">794286 ms</span>
              </div> <!-- test-method -->
              <div class="test-method">
                <img src="failed.png">
                </img>
                <span class="method-name">createUserRole2(role, hehehe, description, 测试不填角色名字是否可以创建成功)</span>
                <span class="method-start">809964 ms</span>
              </div> <!-- test-method -->
              <div class="configuration-class after">
                <span class="method-name">close</span>
                <span class="method-start">825663 ms</span>
              </div> <!-- configuration-class after -->
            </div> <!-- chronological-class -->
            <div class="chronological-class">
              <div class="chronological-class-name">tests.SdeleteUserGroup_Test</div> <!-- chronological-class-name -->
              <div class="configuration-class before">
                <span class="method-name">initBrowser</span>
                <span class="method-start">828678 ms</span>
              </div> <!-- configuration-class before -->
              <div class="configuration-class before">
                <span class="method-name">initPage</span>
                <span class="method-start">835832 ms</span>
              </div> <!-- configuration-class before -->
              <div class="test-method">
                <span class="method-name">login(username, admin, password, LZD123..)</span>
                <span class="method-start">835986 ms</span>
              </div> <!-- test-method -->
              <div class="test-method">
                <span class="method-name">testDeleteUserGroup</span>
                <span class="method-start">850256 ms</span>
              </div> <!-- test-method -->
              <div class="configuration-class after">
                <span class="method-name">close</span>
                <span class="method-start">863915 ms</span>
              </div> <!-- configuration-class after -->
          </div> <!-- main-panel-content rounded-window-bottom -->
        </div> <!-- panel -->
      </div> <!-- main-panel-root -->
    </div> <!-- wrapper -->
  </body>
</html>
