<?xml version="1.0" encoding="UTF-8"?>
<!-- Generated by org.testng.reporters.JUnitReportReporter -->
<testsuite skipped="0" hostname="DESKTOP-4P44GED" name="com.test.demo.SmokeTesting" tests="11" failures="1" timestamp="2020-11-15T08:49:42 CST" time="202.139" errors="0">
  <testcase name="testChangeCol" time="0.020" classname="com.test.demo.SmokeTesting"/>
  <system-out/>
  <testcase name="testLogoOff" time="15.632" classname="com.test.demo.SmokeTesting"/>
  <system-out/>
  <testcase name="testLogoOn" time="15.382" classname="com.test.demo.SmokeTesting"/>
  <system-out/>
  <testcase name="testSurveyListOn" time="16.110" classname="com.test.demo.SmokeTesting"/>
  <system-out/>
  <testcase name="testSurveyListOff" time="15.566" classname="com.test.demo.SmokeTesting"/>
  <system-out/>
  <testcase name="testContainerOff" time="0.010" classname="com.test.demo.SmokeTesting"/>
  <system-out/>
  <testcase name="testContainerOn" time="15.402" classname="com.test.demo.SmokeTesting">
    <failure type="java.lang.AssertionError" message="expected [true] but found [false]">
      <![CDATA[java.lang.AssertionError: expected [true] but found [false]
at org.testng.Assert.fail(Assert.java:97)
at org.testng.Assert.failNotEquals(Assert.java:969)
at org.testng.Assert.assertTrue(Assert.java:43)
at org.testng.Assert.assertTrue(Assert.java:53)
at com.test.demo.SmokeTesting.testContainerOn(SmokeTesting.java:104)
at sun.reflect.NativeMethodAccessorImpl.invoke0(Native Method)
at sun.reflect.NativeMethodAccessorImpl.invoke(Unknown Source)
at sun.reflect.DelegatingMethodAccessorImpl.invoke(Unknown Source)
at java.lang.reflect.Method.invoke(Unknown Source)
at org.testng.internal.MethodInvocationHelper.invokeMethod(MethodInvocationHelper.java:134)
at org.testng.internal.TestInvoker.invokeMethod(TestInvoker.java:597)
at org.testng.internal.TestInvoker.invokeTestMethod(TestInvoker.java:173)
at org.testng.internal.MethodRunner.runInSequence(MethodRunner.java:46)
at org.testng.internal.TestInvoker$MethodInvocationAgent.invoke(TestInvoker.java:816)
at org.testng.internal.TestInvoker.invokeTestMethods(TestInvoker.java:146)
at org.testng.internal.TestMethodWorker.invokeTestMethods(TestMethodWorker.java:146)
at org.testng.internal.TestMethodWorker.run(TestMethodWorker.java:128)
at java.util.ArrayList.forEach(Unknown Source)
at org.testng.TestRunner.privateRun(TestRunner.java:766)
at org.testng.TestRunner.run(TestRunner.java:587)
at org.testng.SuiteRunner.runTest(SuiteRunner.java:384)
at org.testng.SuiteRunner.runSequentially(SuiteRunner.java:378)
at org.testng.SuiteRunner.privateRun(SuiteRunner.java:337)
at org.testng.SuiteRunner.run(SuiteRunner.java:286)
at org.testng.SuiteRunnerWorker.runSuite(SuiteRunnerWorker.java:53)
at org.testng.SuiteRunnerWorker.run(SuiteRunnerWorker.java:96)
at org.testng.TestNG.runSuitesSequentially(TestNG.java:1187)
at org.testng.TestNG.runSuitesLocally(TestNG.java:1109)
at org.testng.TestNG.runSuites(TestNG.java:1039)
at org.testng.TestNG.run(TestNG.java:1007)
at org.testng.remote.AbstractRemoteTestNG.run(AbstractRemoteTestNG.java:115)
at org.testng.remote.RemoteTestNG.initAndRun(RemoteTestNG.java:251)
at org.testng.remote.RemoteTestNG.main(RemoteTestNG.java:77)
]]>
    </failure>
  </testcase> <!-- testContainerOn -->
  <system-out/>
  <testcase name="testLastSurveyOff" time="15.372" classname="com.test.demo.SmokeTesting"/>
  <system-out/>
  <testcase name="testLastSurveyOn" time="15.382" classname="com.test.demo.SmokeTesting"/>
  <system-out/>
  <testcase name="testSearchOff" time="46.678" classname="com.test.demo.SmokeTesting"/>
  <system-out/>
  <testcase name="testSearchOn" time="46.585" classname="com.test.demo.SmokeTesting"/>
  <system-out/>
</testsuite> <!-- com.test.demo.SmokeTesting -->
